  [1m[35m (891.5ms)[0m  [1m[35mCREATE DATABASE "todos_development" ENCODING = 'unicode'[0m
  ↳ bin/rails:9
  [1m[35m (635.0ms)[0m  [1m[35mCREATE DATABASE "todos_test" ENCODING = 'unicode'[0m
  ↳ bin/rails:9
  [1m[35m (62.9ms)[0m  [1m[35mCREATE TABLE "schema_migrations" ("version" character varying NOT NULL PRIMARY KEY)[0m
  ↳ bin/rails:9
  [1m[35m (5.0ms)[0m  [1m[35mCREATE TABLE "ar_internal_metadata" ("key" character varying NOT NULL PRIMARY KEY, "value" character varying, "created_at" timestamp NOT NULL, "updated_at" timestamp NOT NULL)[0m
  ↳ bin/rails:9
  [1m[35m (2.4ms)[0m  [1m[34mSELECT pg_try_advisory_lock(5286629289131009610)[0m
  ↳ bin/rails:9
  [1m[35m (3.7ms)[0m  [1m[34mSELECT "schema_migrations"."version" FROM "schema_migrations" ORDER BY "schema_migrations"."version" ASC[0m
  ↳ bin/rails:9
Migrating to CreateTodos (20190926194900)
  [1m[35m (1.2ms)[0m  [1m[35mBEGIN[0m
  ↳ bin/rails:9
  [1m[35m (15.0ms)[0m  [1m[35mCREATE TABLE "todos" ("id" bigserial primary key, "title" character varying NOT NULL, "body" character varying NOT NULL, "done" boolean DEFAULT FALSE, "created_at" timestamp NOT NULL, "updated_at" timestamp NOT NULL)[0m
  ↳ db/migrate/20190926194900_create_todos.rb:3
  [1m[35m (6.0ms)[0m  [1m[35mCREATE  INDEX  "index_todos_on_title" ON "todos"  ("title")[0m
  ↳ db/migrate/20190926194900_create_todos.rb:10
  [1m[36mActiveRecord::SchemaMigration Create (18.7ms)[0m  [1m[32mINSERT INTO "schema_migrations" ("version") VALUES ($1) RETURNING "version"[0m  [["version", "20190926194900"]]
  ↳ bin/rails:9
  [1m[35m (0.9ms)[0m  [1m[35mCOMMIT[0m
  ↳ bin/rails:9
  [1m[36mActiveRecord::InternalMetadata Load (2.0ms)[0m  [1m[34mSELECT  "ar_internal_metadata".* FROM "ar_internal_metadata" WHERE "ar_internal_metadata"."key" = $1 LIMIT $2[0m  [["key", "environment"], ["LIMIT", 1]]
  ↳ bin/rails:9
  [1m[35m (0.3ms)[0m  [1m[35mBEGIN[0m
  ↳ bin/rails:9
  [1m[36mActiveRecord::InternalMetadata Create (7.4ms)[0m  [1m[32mINSERT INTO "ar_internal_metadata" ("key", "value", "created_at", "updated_at") VALUES ($1, $2, $3, $4) RETURNING "key"[0m  [["key", "environment"], ["value", "development"], ["created_at", "2019-09-26 19:51:09.723634"], ["updated_at", "2019-09-26 19:51:09.723634"]]
  ↳ bin/rails:9
  [1m[35m (1.2ms)[0m  [1m[35mCOMMIT[0m
  ↳ bin/rails:9
  [1m[35m (0.5ms)[0m  [1m[34mSELECT pg_advisory_unlock(5286629289131009610)[0m
  ↳ bin/rails:9
  [1m[35m (0.7ms)[0m  [1m[34mSELECT "schema_migrations"."version" FROM "schema_migrations" ORDER BY "schema_migrations"."version" ASC[0m
  ↳ bin/rails:9
  [1m[35m (0.3ms)[0m  [1m[35mBEGIN[0m
  [1m[36mTodo Create (9.2ms)[0m  [1m[32mINSERT INTO "todos" ("title", "body", "created_at", "updated_at") VALUES ($1, $2, $3, $4) RETURNING "id"[0m  [["title", "walk the cat"], ["body", "on a leash"], ["created_at", "2019-09-26 19:55:04.202862"], ["updated_at", "2019-09-26 19:55:04.202862"]]
  [1m[35m (3.2ms)[0m  [1m[35mCOMMIT[0m
  [1m[35m (0.3ms)[0m  [1m[35mBEGIN[0m
  [1m[35m (0.4ms)[0m  [1m[31mROLLBACK[0m
  [1m[35m (0.3ms)[0m  [1m[35mBEGIN[0m
  [1m[35m (0.4ms)[0m  [1m[31mROLLBACK[0m
  [1m[35m (2.1ms)[0m  [1m[35mBEGIN[0m
  [1m[36mTodo Create (4.8ms)[0m  [1m[32mINSERT INTO "todos" ("title", "body", "created_at", "updated_at") VALUES ($1, $2, $3, $4) RETURNING "id"[0m  [["title", "review Rails"], ["body", "I forget everything"], ["created_at", "2019-09-26 20:02:27.797105"], ["updated_at", "2019-09-26 20:02:27.797105"]]
  [1m[35m (1.0ms)[0m  [1m[35mCOMMIT[0m
Started GET "/" for ::1 at 2019-09-26 16:27:23 -0400
  [1m[35m (10.8ms)[0m  [1m[34mSELECT "schema_migrations"."version" FROM "schema_migrations" ORDER BY "schema_migrations"."version" ASC[0m
  ↳ /Users/kitty/.rbenv/versions/2.5.1/lib/ruby/gems/2.5.0/gems/activerecord-5.2.3/lib/active_record/log_subscriber.rb:98
Processing by StaticPagesController#root as HTML
  Rendering static_pages/root.html.erb within layouts/application
  Rendered static_pages/root.html.erb within layouts/application (11.2ms)
Completed 200 OK in 2685ms (Views: 2679.8ms | ActiveRecord: 0.0ms)


Started GET "/cats" for 127.0.0.1 at 2019-09-26 16:27:35 -0400
  
ActionController::RoutingError (No route matches [GET] "/cats"):
  
actionpack (5.2.3) lib/action_dispatch/middleware/debug_exceptions.rb:65:in `call'
web-console (3.7.0) lib/web_console/middleware.rb:135:in `call_app'
web-console (3.7.0) lib/web_console/middleware.rb:30:in `block in call'
web-console (3.7.0) lib/web_console/middleware.rb:20:in `catch'
web-console (3.7.0) lib/web_console/middleware.rb:20:in `call'
actionpack (5.2.3) lib/action_dispatch/middleware/show_exceptions.rb:33:in `call'
railties (5.2.3) lib/rails/rack/logger.rb:38:in `call_app'
railties (5.2.3) lib/rails/rack/logger.rb:26:in `block in call'
activesupport (5.2.3) lib/active_support/tagged_logging.rb:71:in `block in tagged'
activesupport (5.2.3) lib/active_support/tagged_logging.rb:28:in `tagged'
activesupport (5.2.3) lib/active_support/tagged_logging.rb:71:in `tagged'
railties (5.2.3) lib/rails/rack/logger.rb:26:in `call'
sprockets-rails (3.2.1) lib/sprockets/rails/quiet_assets.rb:13:in `call'
actionpack (5.2.3) lib/action_dispatch/middleware/remote_ip.rb:81:in `call'
actionpack (5.2.3) lib/action_dispatch/middleware/request_id.rb:27:in `call'
rack (2.0.7) lib/rack/method_override.rb:22:in `call'
rack (2.0.7) lib/rack/runtime.rb:22:in `call'
activesupport (5.2.3) lib/active_support/cache/strategy/local_cache_middleware.rb:29:in `call'
actionpack (5.2.3) lib/action_dispatch/middleware/executor.rb:14:in `call'
actionpack (5.2.3) lib/action_dispatch/middleware/static.rb:127:in `call'
rack (2.0.7) lib/rack/sendfile.rb:111:in `call'
railties (5.2.3) lib/rails/engine.rb:524:in `call'
puma (3.12.1) lib/puma/configuration.rb:227:in `call'
puma (3.12.1) lib/puma/server.rb:660:in `handle_request'
puma (3.12.1) lib/puma/server.rb:474:in `process_client'
puma (3.12.1) lib/puma/server.rb:334:in `block in run'
puma (3.12.1) lib/puma/thread_pool.rb:135:in `block in spawn_thread'
Started GET "/" for 127.0.0.1 at 2019-09-26 16:27:40 -0400
Processing by StaticPagesController#root as HTML
  Rendering static_pages/root.html.erb within layouts/application
  Rendered static_pages/root.html.erb within layouts/application (1.5ms)
Completed 200 OK in 87ms (Views: 81.3ms | ActiveRecord: 0.0ms)


  [1m[35m (3.1ms)[0m  [1m[34mSELECT "schema_migrations"."version" FROM "schema_migrations" ORDER BY "schema_migrations"."version" ASC[0m
  ↳ bin/rails:9
  [1m[36mTodo Load (2.3ms)[0m  [1m[34mSELECT "todos".* FROM "todos"[0m
  ↳ db/seeds.rb:9
  [1m[35m (0.3ms)[0m  [1m[35mBEGIN[0m
  ↳ db/seeds.rb:9
  [1m[36mTodo Destroy (3.3ms)[0m  [1m[31mDELETE FROM "todos" WHERE "todos"."id" = $1[0m  [["id", 1]]
  ↳ db/seeds.rb:9
  [1m[35m (1.8ms)[0m  [1m[35mCOMMIT[0m
  ↳ db/seeds.rb:9
  [1m[35m (0.3ms)[0m  [1m[35mBEGIN[0m
  ↳ db/seeds.rb:9
  [1m[36mTodo Destroy (0.8ms)[0m  [1m[31mDELETE FROM "todos" WHERE "todos"."id" = $1[0m  [["id", 2]]
  ↳ db/seeds.rb:9
  [1m[35m (0.6ms)[0m  [1m[35mCOMMIT[0m
  ↳ db/seeds.rb:9
  [1m[35m (0.2ms)[0m  [1m[35mBEGIN[0m
  ↳ db/seeds.rb:11
  [1m[36mTodo Create (1.6ms)[0m  [1m[32mINSERT INTO "todos" ("title", "body", "created_at", "updated_at") VALUES ($1, $2, $3, $4) RETURNING "id"[0m  [["title", "clean"], ["body", "the house"], ["created_at", "2019-09-26 20:31:44.743315"], ["updated_at", "2019-09-26 20:31:44.743315"]]
  ↳ db/seeds.rb:11
  [1m[35m (0.7ms)[0m  [1m[35mCOMMIT[0m
  ↳ db/seeds.rb:11
  [1m[35m (0.2ms)[0m  [1m[35mBEGIN[0m
  ↳ db/seeds.rb:12
  [1m[36mTodo Create (0.5ms)[0m  [1m[32mINSERT INTO "todos" ("title", "body", "created_at", "updated_at") VALUES ($1, $2, $3, $4) RETURNING "id"[0m  [["title", "walk the cat"], ["body", "on a leash!"], ["created_at", "2019-09-26 20:31:44.748905"], ["updated_at", "2019-09-26 20:31:44.748905"]]
  ↳ db/seeds.rb:12
  [1m[35m (0.6ms)[0m  [1m[35mCOMMIT[0m
  ↳ db/seeds.rb:12
Started GET "/api/todos" for ::1 at 2019-09-26 16:32:51 -0400
Processing by Api::TodosController#index as JSON
  [1m[36mTodo Load (2.4ms)[0m  [1m[34mSELECT "todos".* FROM "todos"[0m
  ↳ app/controllers/api/todos_controller.rb:7
Completed 200 OK in 167ms (Views: 72.2ms | ActiveRecord: 17.1ms)


Started GET "/api/todos" for ::1 at 2019-09-26 16:33:52 -0400
Processing by Api::TodosController#index as JSON
  [1m[36mTodo Load (0.9ms)[0m  [1m[34mSELECT "todos".* FROM "todos"[0m
  ↳ app/controllers/api/todos_controller.rb:7
Completed 200 OK in 7ms (Views: 4.4ms | ActiveRecord: 0.9ms)


Started POST "/api/todos" for ::1 at 2019-09-26 16:36:41 -0400
Processing by Api::TodosController#create as JSON
  Parameters: {"title"=>"make dinner", "body"=>"eat it"}
Completed 500 Internal Server Error in 26ms (ActiveRecord: 0.0ms)



ArgumentError - wrong number of arguments (given 0, expected 1):
  app/controllers/api/todos_controller.rb:36:in `todo_params'
  app/controllers/api/todos_controller.rb:11:in `create'

Started POST "/api/todos" for ::1 at 2019-09-26 16:37:46 -0400
Processing by Api::TodosController#create as JSON
  Parameters: {"todo"=>{"title"=>"make dinner", "body"=>"eat it"}}
Completed 500 Internal Server Error in 3ms (ActiveRecord: 0.0ms)



ArgumentError - wrong number of arguments (given 0, expected 1):
  app/controllers/api/todos_controller.rb:36:in `todo_params'
  app/controllers/api/todos_controller.rb:11:in `create'

Started POST "/api/todos" for ::1 at 2019-09-26 16:38:46 -0400
Processing by Api::TodosController#create as JSON
  Parameters: {"todo"=>{"title"=>"make dinner", "body"=>"eat it"}}
Started GET "/" for ::1 at 2019-09-26 16:42:03 -0400
  [1m[35m (1.2ms)[0m  [1m[34mSELECT "schema_migrations"."version" FROM "schema_migrations" ORDER BY "schema_migrations"."version" ASC[0m
  ↳ /Users/kitty/.rbenv/versions/2.5.1/lib/ruby/gems/2.5.0/gems/activerecord-5.2.3/lib/active_record/log_subscriber.rb:98
Processing by StaticPagesController#root as HTML
  Rendering static_pages/root.html.erb within layouts/application
  Rendered static_pages/root.html.erb within layouts/application (4.8ms)
Completed 200 OK in 1102ms (Views: 1086.8ms | ActiveRecord: 0.0ms)


Started GET "/api/todos" for ::1 at 2019-09-26 16:42:13 -0400
Processing by Api::TodosController#index as JSON
  [1m[36mTodo Load (2.0ms)[0m  [1m[34mSELECT "todos".* FROM "todos"[0m
  ↳ app/controllers/api/todos_controller.rb:7
Completed 200 OK in 58ms (Views: 29.2ms | ActiveRecord: 24.9ms)


Started POST "/api/todos" for ::1 at 2019-09-26 16:42:24 -0400
Processing by Api::TodosController#create as JSON
  Parameters: {"todo"=>{"title"=>"make dinner", "body"=>"eat it"}}
  [1m[35m (4.4ms)[0m  [1m[35mBEGIN[0m
  ↳ app/controllers/api/todos_controller.rb:12
  [1m[36mTodo Create (2.8ms)[0m  [1m[32mINSERT INTO "todos" ("title", "body", "created_at", "updated_at") VALUES ($1, $2, $3, $4) RETURNING "id"[0m  [["title", "make dinner"], ["body", "eat it"], ["created_at", "2019-09-26 20:42:24.828934"], ["updated_at", "2019-09-26 20:42:24.828934"]]
  ↳ app/controllers/api/todos_controller.rb:12
  [1m[35m (1.4ms)[0m  [1m[35mCOMMIT[0m
  ↳ app/controllers/api/todos_controller.rb:12
Completed 200 OK in 16ms (Views: 0.4ms | ActiveRecord: 8.6ms)


Started GET "/api/todos" for ::1 at 2019-09-26 16:42:33 -0400
Processing by Api::TodosController#index as JSON
  [1m[36mTodo Load (3.5ms)[0m  [1m[34mSELECT "todos".* FROM "todos"[0m
  ↳ app/controllers/api/todos_controller.rb:7
Completed 200 OK in 7ms (Views: 2.7ms | ActiveRecord: 3.5ms)


Started PATCH "/api/todos/5" for ::1 at 2019-09-26 16:43:59 -0400
Processing by Api::TodosController#update as JSON
  Parameters: {"todo"=>{"done"=>"true"}, "id"=>"5"}
  [1m[36mTodo Load (0.4ms)[0m  [1m[34mSELECT  "todos".* FROM "todos" WHERE "todos"."id" = $1 LIMIT $2[0m  [["id", 5], ["LIMIT", 1]]
  ↳ app/controllers/api/todos_controller.rb:20
  [1m[35m (0.3ms)[0m  [1m[35mBEGIN[0m
  ↳ app/controllers/api/todos_controller.rb:21
  [1m[36mTodo Update (0.9ms)[0m  [1m[33mUPDATE "todos" SET "done" = $1, "updated_at" = $2 WHERE "todos"."id" = $3[0m  [["done", true], ["updated_at", "2019-09-26 20:43:59.848638"], ["id", 5]]
  ↳ app/controllers/api/todos_controller.rb:21
  [1m[35m (0.5ms)[0m  [1m[35mCOMMIT[0m
  ↳ app/controllers/api/todos_controller.rb:21
Completed 200 OK in 31ms (Views: 1.2ms | ActiveRecord: 2.6ms)


Started GET "/api/todos" for ::1 at 2019-09-26 16:44:10 -0400
Processing by Api::TodosController#index as JSON
  [1m[36mTodo Load (0.7ms)[0m  [1m[34mSELECT "todos".* FROM "todos"[0m
  ↳ app/controllers/api/todos_controller.rb:7
Completed 200 OK in 4ms (Views: 2.8ms | ActiveRecord: 0.7ms)


Started DELETE "/api/todos/5" for ::1 at 2019-09-26 16:44:40 -0400
Processing by Api::TodosController#destroy as JSON
  Parameters: {"id"=>"5"}
  [1m[36mTodo Load (1.4ms)[0m  [1m[34mSELECT  "todos".* FROM "todos" WHERE "todos"."id" = $1 LIMIT $2[0m  [["id", 5], ["LIMIT", 1]]
  ↳ app/controllers/api/todos_controller.rb:29
  [1m[35m (1.0ms)[0m  [1m[35mBEGIN[0m
  ↳ app/controllers/api/todos_controller.rb:30
  [1m[36mTodo Destroy (0.7ms)[0m  [1m[31mDELETE FROM "todos" WHERE "todos"."id" = $1[0m  [["id", 5]]
  ↳ app/controllers/api/todos_controller.rb:30
  [1m[35m (0.7ms)[0m  [1m[35mCOMMIT[0m
  ↳ app/controllers/api/todos_controller.rb:30
Completed 200 OK in 10ms (Views: 0.9ms | ActiveRecord: 3.8ms)


Started GET "/api/todos" for ::1 at 2019-09-26 16:44:42 -0400
Processing by Api::TodosController#index as JSON
  [1m[36mTodo Load (0.6ms)[0m  [1m[34mSELECT "todos".* FROM "todos"[0m
  ↳ app/controllers/api/todos_controller.rb:7
Completed 200 OK in 4ms (Views: 2.9ms | ActiveRecord: 0.6ms)


Started GET "/" for 127.0.0.1 at 2019-09-26 16:53:43 -0400
Processing by StaticPagesController#root as HTML
  Rendering static_pages/root.html.erb within layouts/application
  Rendered static_pages/root.html.erb within layouts/application (14.6ms)
Completed 200 OK in 1328ms (Views: 1311.5ms | ActiveRecord: 0.0ms)


Started GET "/" for ::1 at 2019-09-26 16:53:45 -0400
Processing by StaticPagesController#root as HTML
  Rendering static_pages/root.html.erb within layouts/application
  Rendered static_pages/root.html.erb within layouts/application (1.0ms)
Completed 200 OK in 132ms (Views: 126.7ms | ActiveRecord: 0.0ms)


Started GET "/" for 127.0.0.1 at 2019-09-26 16:55:21 -0400
Processing by StaticPagesController#root as HTML
  Rendering static_pages/root.html.erb within layouts/application
  Rendered static_pages/root.html.erb within layouts/application (10.4ms)
Completed 200 OK in 572ms (Views: 559.1ms | ActiveRecord: 0.0ms)


Started GET "/" for ::1 at 2019-09-26 16:56:27 -0400
Processing by StaticPagesController#root as HTML
  Rendering static_pages/root.html.erb within layouts/application
  Rendered static_pages/root.html.erb within layouts/application (11.8ms)
Completed 200 OK in 598ms (Views: 568.7ms | ActiveRecord: 0.0ms)


Started GET "/" for 127.0.0.1 at 2019-09-26 17:02:02 -0400
Processing by StaticPagesController#root as HTML
  Rendering static_pages/root.html.erb within layouts/application
  Rendered static_pages/root.html.erb within layouts/application (5.8ms)
Completed 200 OK in 538ms (Views: 412.1ms | ActiveRecord: 0.0ms)


Started GET "/api/todos" for 127.0.0.1 at 2019-09-26 17:03:15 -0400
Processing by Api::TodosController#index as JSON
  [1m[36mTodo Load (3.4ms)[0m  [1m[34mSELECT "todos".* FROM "todos"[0m
  ↳ app/controllers/api/todos_controller.rb:7
Completed 200 OK in 129ms (Views: 118.6ms | ActiveRecord: 3.4ms)


Started GET "/api/todos" for 127.0.0.1 at 2019-09-26 17:04:01 -0400
Processing by Api::TodosController#index as JSON
  [1m[36mTodo Load (0.7ms)[0m  [1m[34mSELECT "todos".* FROM "todos"[0m
  ↳ app/controllers/api/todos_controller.rb:7
Completed 200 OK in 5ms (Views: 3.6ms | ActiveRecord: 0.7ms)


Started GET "/" for ::1 at 2019-09-26 17:14:56 -0400
Processing by StaticPagesController#root as HTML
  Rendering static_pages/root.html.erb within layouts/application
  Rendered static_pages/root.html.erb within layouts/application (8.3ms)
Completed 200 OK in 2389ms (Views: 2339.8ms | ActiveRecord: 0.0ms)


Started GET "/" for ::1 at 2019-09-26 17:15:50 -0400
Processing by StaticPagesController#root as HTML
  Rendering static_pages/root.html.erb within layouts/application
  Rendered static_pages/root.html.erb within layouts/application (3.4ms)
Completed 200 OK in 2590ms (Views: 2566.2ms | ActiveRecord: 0.0ms)


Started GET "/api/todos" for ::1 at 2019-09-26 17:23:44 -0400
Processing by Api::TodosController#index as JSON
  [1m[36mTodo Load (5.5ms)[0m  [1m[34mSELECT "todos".* FROM "todos"[0m
  ↳ app/controllers/api/todos_controller.rb:7
Completed 200 OK in 33ms (Views: 25.7ms | ActiveRecord: 5.5ms)


Started GET "/" for 127.0.0.1 at 2019-09-26 17:26:16 -0400
Processing by StaticPagesController#root as HTML
  Rendering static_pages/root.html.erb within layouts/application
  Rendered static_pages/root.html.erb within layouts/application (4.4ms)
Completed 200 OK in 1215ms (Views: 1193.4ms | ActiveRecord: 0.0ms)


Started GET "/" for 127.0.0.1 at 2019-09-26 17:28:15 -0400
Processing by StaticPagesController#root as HTML
  Rendering static_pages/root.html.erb within layouts/application
  Rendered static_pages/root.html.erb within layouts/application (5.2ms)
Completed 200 OK in 1483ms (Views: 1454.5ms | ActiveRecord: 0.0ms)


Started GET "/api/todos" for 127.0.0.1 at 2019-09-26 17:28:44 -0400
Processing by Api::TodosController#index as JSON
  [1m[36mTodo Load (2.4ms)[0m  [1m[34mSELECT "todos".* FROM "todos"[0m
  ↳ app/controllers/api/todos_controller.rb:7
Completed 200 OK in 12ms (Views: 8.5ms | ActiveRecord: 2.4ms)


Started GET "/api/todos" for 127.0.0.1 at 2019-09-26 17:29:04 -0400
Processing by Api::TodosController#index as JSON
  [1m[36mTodo Load (0.6ms)[0m  [1m[34mSELECT "todos".* FROM "todos"[0m
  ↳ app/controllers/api/todos_controller.rb:7
Completed 200 OK in 4ms (Views: 2.6ms | ActiveRecord: 0.6ms)


Started GET "/" for 127.0.0.1 at 2019-09-26 17:30:55 -0400
Processing by StaticPagesController#root as HTML
  Rendering static_pages/root.html.erb within layouts/application
  Rendered static_pages/root.html.erb within layouts/application (3.5ms)
Completed 200 OK in 75ms (Views: 70.1ms | ActiveRecord: 0.0ms)


Started GET "/" for 127.0.0.1 at 2019-09-26 17:32:25 -0400
Processing by StaticPagesController#root as HTML
  Rendering static_pages/root.html.erb within layouts/application
  Rendered static_pages/root.html.erb within layouts/application (3.7ms)
Completed 200 OK in 1153ms (Views: 1143.3ms | ActiveRecord: 0.0ms)


Started GET "/api/todos" for 127.0.0.1 at 2019-09-26 17:32:31 -0400
Processing by Api::TodosController#index as JSON
  [1m[36mTodo Load (2.0ms)[0m  [1m[34mSELECT "todos".* FROM "todos"[0m
  ↳ app/controllers/api/todos_controller.rb:7
Completed 200 OK in 25ms (Views: 20.2ms | ActiveRecord: 2.0ms)


Started GET "/" for 127.0.0.1 at 2019-09-26 17:33:07 -0400
Processing by StaticPagesController#root as HTML
  Rendering static_pages/root.html.erb within layouts/application
  Rendered static_pages/root.html.erb within layouts/application (0.7ms)
Completed 200 OK in 83ms (Views: 77.3ms | ActiveRecord: 0.0ms)


Started GET "/api/todos" for 127.0.0.1 at 2019-09-26 17:33:36 -0400
Processing by Api::TodosController#index as JSON
  [1m[36mTodo Load (1.1ms)[0m  [1m[34mSELECT "todos".* FROM "todos"[0m
  ↳ app/controllers/api/todos_controller.rb:7
Completed 200 OK in 6ms (Views: 4.7ms | ActiveRecord: 1.1ms)


Started GET "/" for 127.0.0.1 at 2019-09-26 17:41:16 -0400
Started GET "/" for ::1 at 2019-09-26 17:41:16 -0400
Processing by StaticPagesController#root as HTML
Processing by StaticPagesController#root as HTML
  Rendering static_pages/root.html.erb within layouts/application
  Rendering static_pages/root.html.erb within layouts/application
  Rendered static_pages/root.html.erb within layouts/application (5.4ms)
  Rendered static_pages/root.html.erb within layouts/application (0.9ms)
Completed 200 OK in 2119ms (Views: 2091.1ms | ActiveRecord: 0.0ms)


Completed 200 OK in 2527ms (Views: 2464.2ms | ActiveRecord: 0.0ms)


Started GET "/" for 127.0.0.1 at 2019-09-26 17:44:42 -0400
Processing by StaticPagesController#root as HTML
  Rendering static_pages/root.html.erb within layouts/application
  Rendered static_pages/root.html.erb within layouts/application (27.0ms)
Started GET "/" for ::1 at 2019-09-26 17:44:43 -0400
Processing by StaticPagesController#root as HTML
  Rendering static_pages/root.html.erb within layouts/application
  Rendered static_pages/root.html.erb within layouts/application (0.7ms)
Completed 200 OK in 3050ms (Views: 3036.1ms | ActiveRecord: 0.0ms)


Completed 200 OK in 2174ms (Views: 2168.4ms | ActiveRecord: 0.0ms)


Started GET "/" for ::1 at 2019-09-26 17:45:43 -0400
Processing by StaticPagesController#root as HTML
  Rendering static_pages/root.html.erb within layouts/application
  Rendered static_pages/root.html.erb within layouts/application (4.7ms)
Completed 200 OK in 329ms (Views: 299.7ms | ActiveRecord: 0.0ms)


Started GET "/" for 127.0.0.1 at 2019-09-26 17:45:43 -0400
Processing by StaticPagesController#root as HTML
  Rendering static_pages/root.html.erb within layouts/application
  Rendered static_pages/root.html.erb within layouts/application (0.8ms)
Completed 200 OK in 279ms (Views: 273.7ms | ActiveRecord: 0.0ms)


Started GET "/" for 127.0.0.1 at 2019-09-26 18:02:34 -0400
Processing by StaticPagesController#root as HTML
  Rendering static_pages/root.html.erb within layouts/application
  Rendered static_pages/root.html.erb within layouts/application (5.9ms)
Completed 200 OK in 1529ms (Views: 1513.3ms | ActiveRecord: 0.0ms)


Started GET "/" for ::1 at 2019-09-26 18:02:39 -0400
Processing by StaticPagesController#root as HTML
  Rendering static_pages/root.html.erb within layouts/application
  Rendered static_pages/root.html.erb within layouts/application (1.3ms)
Completed 200 OK in 231ms (Views: 225.3ms | ActiveRecord: 0.0ms)


Started GET "/" for ::1 at 2019-09-26 18:08:21 -0400
Processing by StaticPagesController#root as HTML
  Rendering static_pages/root.html.erb within layouts/application
  Rendered static_pages/root.html.erb within layouts/application (3.6ms)
Started GET "/" for 127.0.0.1 at 2019-09-26 18:08:22 -0400
Processing by StaticPagesController#root as HTML
  Rendering static_pages/root.html.erb within layouts/application
  Rendered static_pages/root.html.erb within layouts/application (1.5ms)
Completed 200 OK in 1977ms (Views: 1963.3ms | ActiveRecord: 0.0ms)


Completed 200 OK in 1467ms (Views: 1462.2ms | ActiveRecord: 0.0ms)


Started GET "/api/todos" for 127.0.0.1 at 2019-09-26 18:08:24 -0400
Processing by Api::TodosController#index as JSON
  [1m[36mTodo Load (11.4ms)[0m  [1m[34mSELECT "todos".* FROM "todos"[0m
  ↳ app/controllers/api/todos_controller.rb:7
Completed 200 OK in 19ms (Views: 6.8ms | ActiveRecord: 11.4ms)


Started GET "/api/todos" for ::1 at 2019-09-26 18:08:25 -0400
Processing by Api::TodosController#index as JSON
  [1m[36mTodo Load (6.3ms)[0m  [1m[34mSELECT "todos".* FROM "todos"[0m
  ↳ app/controllers/api/todos_controller.rb:7
Completed 200 OK in 20ms (Views: 4.9ms | ActiveRecord: 6.3ms)


Started GET "/" for 127.0.0.1 at 2019-09-26 18:08:30 -0400
Processing by StaticPagesController#root as HTML
  Rendering static_pages/root.html.erb within layouts/application
  Rendered static_pages/root.html.erb within layouts/application (0.9ms)
Completed 200 OK in 106ms (Views: 102.6ms | ActiveRecord: 0.0ms)


Started GET "/api/todos" for 127.0.0.1 at 2019-09-26 18:08:31 -0400
Processing by Api::TodosController#index as JSON
  [1m[36mTodo Load (0.7ms)[0m  [1m[34mSELECT "todos".* FROM "todos"[0m
  ↳ app/controllers/api/todos_controller.rb:7
Completed 200 OK in 4ms (Views: 2.8ms | ActiveRecord: 0.7ms)


Started GET "/" for 127.0.0.1 at 2019-09-26 18:48:58 -0400
Processing by StaticPagesController#root as HTML
  Rendering static_pages/root.html.erb within layouts/application
  Rendered static_pages/root.html.erb within layouts/application (30.1ms)
Started GET "/" for ::1 at 2019-09-26 18:48:59 -0400
Processing by StaticPagesController#root as HTML
  Rendering static_pages/root.html.erb within layouts/application
  Rendered static_pages/root.html.erb within layouts/application (0.8ms)
Completed 200 OK in 2221ms (Views: 2206.1ms | ActiveRecord: 0.0ms)


Completed 200 OK in 2099ms (Views: 2093.6ms | ActiveRecord: 0.0ms)


Started GET "/api/todos" for 127.0.0.1 at 2019-09-26 18:49:02 -0400
Processing by Api::TodosController#index as JSON
  [1m[36mTodo Load (2.0ms)[0m  [1m[34mSELECT "todos".* FROM "todos"[0m
  ↳ app/controllers/api/todos_controller.rb:7
Completed 200 OK in 11ms (Views: 7.5ms | ActiveRecord: 2.0ms)


Started GET "/api/todos" for ::1 at 2019-09-26 18:49:03 -0400
Processing by Api::TodosController#index as JSON
  [1m[36mTodo Load (3.6ms)[0m  [1m[34mSELECT "todos".* FROM "todos"[0m
  ↳ app/controllers/api/todos_controller.rb:7
Completed 200 OK in 7ms (Views: 2.6ms | ActiveRecord: 3.6ms)


Started POST "/api/todos" for ::1 at 2019-09-26 18:49:09 -0400
Processing by Api::TodosController#create as JSON
  Parameters: {"todo"=>{"id"=>"1569538149072", "title"=>"dinner", "body"=>"eat it"}}
Unpermitted parameter: :id
  [1m[35m (2.1ms)[0m  [1m[35mBEGIN[0m
  ↳ app/controllers/api/todos_controller.rb:12
  [1m[36mTodo Create (28.1ms)[0m  [1m[32mINSERT INTO "todos" ("title", "body", "created_at", "updated_at") VALUES ($1, $2, $3, $4) RETURNING "id"[0m  [["title", "dinner"], ["body", "eat it"], ["created_at", "2019-09-26 22:49:09.107312"], ["updated_at", "2019-09-26 22:49:09.107312"]]
  ↳ app/controllers/api/todos_controller.rb:12
  [1m[35m (2.5ms)[0m  [1m[35mCOMMIT[0m
  ↳ app/controllers/api/todos_controller.rb:12
Completed 200 OK in 49ms (Views: 0.6ms | ActiveRecord: 32.7ms)


Started POST "/api/todos" for 127.0.0.1 at 2019-09-26 18:49:22 -0400
Processing by Api::TodosController#create as JSON
  Parameters: {"todo"=>{"id"=>"1569538162606", "title"=>"buy milk ", "body"=>"from the store"}}
Unpermitted parameter: :id
  [1m[35m (0.2ms)[0m  [1m[35mBEGIN[0m
  ↳ app/controllers/api/todos_controller.rb:12
  [1m[36mTodo Create (0.7ms)[0m  [1m[32mINSERT INTO "todos" ("title", "body", "created_at", "updated_at") VALUES ($1, $2, $3, $4) RETURNING "id"[0m  [["title", "buy milk "], ["body", "from the store"], ["created_at", "2019-09-26 22:49:22.649868"], ["updated_at", "2019-09-26 22:49:22.649868"]]
  ↳ app/controllers/api/todos_controller.rb:12
  [1m[35m (0.8ms)[0m  [1m[35mCOMMIT[0m
  ↳ app/controllers/api/todos_controller.rb:12
Completed 200 OK in 8ms (Views: 1.0ms | ActiveRecord: 1.7ms)


Started POST "/api/todos" for ::1 at 2019-09-26 18:52:39 -0400
Processing by Api::TodosController#create as JSON
  Parameters: {"todo"=>{"id"=>"1569538359082", "title"=>"", "body"=>""}}
Unpermitted parameter: :id
  [1m[35m (0.5ms)[0m  [1m[35mBEGIN[0m
  ↳ app/controllers/api/todos_controller.rb:12
  [1m[35m (0.3ms)[0m  [1m[31mROLLBACK[0m
  ↳ app/controllers/api/todos_controller.rb:12
Completed 422 Unprocessable Entity in 144ms (Views: 2.0ms | ActiveRecord: 0.9ms)


Started POST "/api/todos" for 127.0.0.1 at 2019-09-26 18:52:44 -0400
Processing by Api::TodosController#create as JSON
  Parameters: {"todo"=>{"id"=>"1569538364069", "title"=>"", "body"=>""}}
Unpermitted parameter: :id
  [1m[35m (0.3ms)[0m  [1m[35mBEGIN[0m
  ↳ app/controllers/api/todos_controller.rb:12
  [1m[35m (0.2ms)[0m  [1m[31mROLLBACK[0m
  ↳ app/controllers/api/todos_controller.rb:12
Completed 422 Unprocessable Entity in 8ms (Views: 0.3ms | ActiveRecord: 0.5ms)


Started POST "/api/todos" for 127.0.0.1 at 2019-09-26 18:52:54 -0400
Processing by Api::TodosController#create as JSON
  Parameters: {"todo"=>{"id"=>"1569538374272", "title"=>"sdfbs", "body"=>""}}
Unpermitted parameter: :id
  [1m[35m (0.3ms)[0m  [1m[35mBEGIN[0m
  ↳ app/controllers/api/todos_controller.rb:12
  [1m[35m (1.5ms)[0m  [1m[31mROLLBACK[0m
  ↳ app/controllers/api/todos_controller.rb:12
Completed 422 Unprocessable Entity in 19ms (Views: 0.3ms | ActiveRecord: 1.8ms)


Started GET "/" for 127.0.0.1 at 2019-09-26 19:04:42 -0400
Processing by StaticPagesController#root as HTML
  Rendering static_pages/root.html.erb within layouts/application
  Rendered static_pages/root.html.erb within layouts/application (15.4ms)
Completed 200 OK in 2090ms (Views: 2067.2ms | ActiveRecord: 0.0ms)


Started GET "/api/todos" for 127.0.0.1 at 2019-09-26 19:04:46 -0400
Processing by Api::TodosController#index as JSON
  [1m[36mTodo Load (5.2ms)[0m  [1m[34mSELECT "todos".* FROM "todos"[0m
  ↳ app/controllers/api/todos_controller.rb:7
Completed 200 OK in 15ms (Views: 9.3ms | ActiveRecord: 5.2ms)


Started GET "/" for 127.0.0.1 at 2019-09-26 19:06:49 -0400
Processing by StaticPagesController#root as HTML
  Rendering static_pages/root.html.erb within layouts/application
  Rendered static_pages/root.html.erb within layouts/application (24.4ms)
Completed 200 OK in 778ms (Views: 760.0ms | ActiveRecord: 0.0ms)


Started GET "/" for ::1 at 2019-09-26 19:06:50 -0400
Processing by StaticPagesController#root as HTML
  Rendering static_pages/root.html.erb within layouts/application
  Rendered static_pages/root.html.erb within layouts/application (2.0ms)
Started GET "/api/todos" for 127.0.0.1 at 2019-09-26 19:06:50 -0400
Processing by Api::TodosController#index as JSON
  [1m[36mTodo Load (4.8ms)[0m  [1m[34mSELECT "todos".* FROM "todos"[0m
  ↳ app/controllers/api/todos_controller.rb:7
Completed 200 OK in 38ms (Views: 30.8ms | ActiveRecord: 4.8ms)


Completed 200 OK in 1892ms (Views: 1884.8ms | ActiveRecord: 0.0ms)


Started GET "/api/todos" for ::1 at 2019-09-26 19:06:54 -0400
Processing by Api::TodosController#index as JSON
  [1m[36mTodo Load (1.5ms)[0m  [1m[34mSELECT "todos".* FROM "todos"[0m
  ↳ app/controllers/api/todos_controller.rb:7
Completed 200 OK in 6ms (Views: 4.1ms | ActiveRecord: 1.5ms)


Started POST "/api/todos" for 127.0.0.1 at 2019-09-26 19:06:55 -0400
Processing by Api::TodosController#create as JSON
  Parameters: {"todo"=>{"title"=>"sdfvsv", "body"=>""}}
  [1m[35m (2.5ms)[0m  [1m[35mBEGIN[0m
  ↳ app/controllers/api/todos_controller.rb:12
  [1m[35m (2.0ms)[0m  [1m[31mROLLBACK[0m
  ↳ app/controllers/api/todos_controller.rb:12
Completed 422 Unprocessable Entity in 44ms (Views: 0.4ms | ActiveRecord: 4.5ms)


Started POST "/api/todos" for ::1 at 2019-09-26 19:07:14 -0400
Processing by Api::TodosController#create as JSON
  Parameters: {"todo"=>{"title"=>"", "body"=>""}}
  [1m[35m (1.0ms)[0m  [1m[35mBEGIN[0m
  ↳ app/controllers/api/todos_controller.rb:12
  [1m[35m (0.3ms)[0m  [1m[31mROLLBACK[0m
  ↳ app/controllers/api/todos_controller.rb:12
Completed 422 Unprocessable Entity in 11ms (Views: 0.3ms | ActiveRecord: 1.3ms)


Started POST "/api/todos" for 127.0.0.1 at 2019-09-26 19:07:19 -0400
Processing by Api::TodosController#create as JSON
  Parameters: {"todo"=>{"title"=>"sdfvsv", "body"=>""}}
  [1m[35m (0.3ms)[0m  [1m[35mBEGIN[0m
  ↳ app/controllers/api/todos_controller.rb:12
  [1m[35m (0.3ms)[0m  [1m[31mROLLBACK[0m
  ↳ app/controllers/api/todos_controller.rb:12
Completed 422 Unprocessable Entity in 9ms (Views: 0.4ms | ActiveRecord: 0.5ms)


Started GET "/" for ::1 at 2019-09-26 19:12:56 -0400
Processing by StaticPagesController#root as HTML
  Rendering static_pages/root.html.erb within layouts/application
  Rendered static_pages/root.html.erb within layouts/application (4.3ms)
Completed 200 OK in 1863ms (Views: 1834.7ms | ActiveRecord: 0.0ms)


Started GET "/" for 127.0.0.1 at 2019-09-26 19:13:00 -0400
Processing by StaticPagesController#root as HTML
  Rendering static_pages/root.html.erb within layouts/application
  Rendered static_pages/root.html.erb within layouts/application (0.7ms)
Completed 200 OK in 503ms (Views: 497.2ms | ActiveRecord: 0.0ms)


Started GET "/api/todos" for ::1 at 2019-09-26 19:13:00 -0400
Processing by Api::TodosController#index as JSON
  [1m[36mTodo Load (2.4ms)[0m  [1m[34mSELECT "todos".* FROM "todos"[0m
  ↳ app/controllers/api/todos_controller.rb:7
Completed 200 OK in 15ms (Views: 11.3ms | ActiveRecord: 2.4ms)


Started GET "/api/todos" for 127.0.0.1 at 2019-09-26 19:13:01 -0400
Processing by Api::TodosController#index as JSON
  [1m[36mTodo Load (1.4ms)[0m  [1m[34mSELECT "todos".* FROM "todos"[0m
  ↳ app/controllers/api/todos_controller.rb:7
Completed 200 OK in 6ms (Views: 4.5ms | ActiveRecord: 1.4ms)


Started POST "/api/todos" for ::1 at 2019-09-26 19:13:04 -0400
Processing by Api::TodosController#create as JSON
  Parameters: {"todo"=>{"title"=>"", "body"=>""}}
  [1m[35m (0.5ms)[0m  [1m[35mBEGIN[0m
  ↳ app/controllers/api/todos_controller.rb:12
  [1m[35m (1.5ms)[0m  [1m[31mROLLBACK[0m
  ↳ app/controllers/api/todos_controller.rb:12
Completed 422 Unprocessable Entity in 21ms (Views: 0.4ms | ActiveRecord: 2.0ms)


Started POST "/api/todos" for 127.0.0.1 at 2019-09-26 19:13:08 -0400
Processing by Api::TodosController#create as JSON
  Parameters: {"todo"=>{"title"=>"asrvra", "body"=>""}}
  [1m[35m (0.6ms)[0m  [1m[35mBEGIN[0m
  ↳ app/controllers/api/todos_controller.rb:12
  [1m[35m (0.5ms)[0m  [1m[31mROLLBACK[0m
  ↳ app/controllers/api/todos_controller.rb:12
Completed 422 Unprocessable Entity in 8ms (Views: 0.2ms | ActiveRecord: 1.1ms)


Started GET "/" for ::1 at 2019-09-26 19:14:19 -0400
Processing by StaticPagesController#root as HTML
  Rendering static_pages/root.html.erb within layouts/application
  Rendered static_pages/root.html.erb within layouts/application (4.7ms)
Completed 200 OK in 1995ms (Views: 1869.4ms | ActiveRecord: 0.0ms)


Started GET "/api/todos" for ::1 at 2019-09-26 19:14:23 -0400
Processing by Api::TodosController#index as JSON
  [1m[36mTodo Load (2.6ms)[0m  [1m[34mSELECT "todos".* FROM "todos"[0m
  ↳ app/controllers/api/todos_controller.rb:7
Completed 200 OK in 25ms (Views: 18.1ms | ActiveRecord: 2.6ms)


Started POST "/api/todos" for ::1 at 2019-09-26 19:14:26 -0400
Processing by Api::TodosController#create as JSON
  Parameters: {"todo"=>{"title"=>"", "body"=>""}}
  [1m[35m (1.4ms)[0m  [1m[35mBEGIN[0m
  ↳ app/controllers/api/todos_controller.rb:12
  [1m[35m (0.2ms)[0m  [1m[31mROLLBACK[0m
  ↳ app/controllers/api/todos_controller.rb:12
Completed 422 Unprocessable Entity in 36ms (Views: 10.9ms | ActiveRecord: 1.6ms)


Started GET "/" for 127.0.0.1 at 2019-09-26 19:14:27 -0400
Processing by StaticPagesController#root as HTML
  Rendering static_pages/root.html.erb within layouts/application
  Rendered static_pages/root.html.erb within layouts/application (4.1ms)
Completed 200 OK in 142ms (Views: 133.9ms | ActiveRecord: 0.0ms)


Started GET "/api/todos" for 127.0.0.1 at 2019-09-26 19:14:29 -0400
Processing by Api::TodosController#index as JSON
  [1m[36mTodo Load (0.7ms)[0m  [1m[34mSELECT "todos".* FROM "todos"[0m
  ↳ app/controllers/api/todos_controller.rb:7
Completed 200 OK in 6ms (Views: 4.8ms | ActiveRecord: 0.7ms)


Started POST "/api/todos" for 127.0.0.1 at 2019-09-26 19:14:33 -0400
Processing by Api::TodosController#create as JSON
  Parameters: {"todo"=>{"title"=>"sergerg", "body"=>""}}
  [1m[35m (0.4ms)[0m  [1m[35mBEGIN[0m
  ↳ app/controllers/api/todos_controller.rb:12
  [1m[35m (0.5ms)[0m  [1m[31mROLLBACK[0m
  ↳ app/controllers/api/todos_controller.rb:12
Completed 422 Unprocessable Entity in 10ms (Views: 0.3ms | ActiveRecord: 0.9ms)


Started POST "/api/todos" for 127.0.0.1 at 2019-09-26 19:14:36 -0400
Processing by Api::TodosController#create as JSON
  Parameters: {"todo"=>{"title"=>"sergerg", "body"=>""}}
  [1m[35m (0.3ms)[0m  [1m[35mBEGIN[0m
  ↳ app/controllers/api/todos_controller.rb:12
  [1m[35m (0.5ms)[0m  [1m[31mROLLBACK[0m
  ↳ app/controllers/api/todos_controller.rb:12
Completed 422 Unprocessable Entity in 10ms (Views: 0.6ms | ActiveRecord: 0.8ms)


Started GET "/" for 127.0.0.1 at 2019-09-26 19:15:09 -0400
Processing by StaticPagesController#root as HTML
  Rendering static_pages/root.html.erb within layouts/application
  Rendered static_pages/root.html.erb within layouts/application (1.9ms)
Completed 200 OK in 2420ms (Views: 2414.9ms | ActiveRecord: 0.0ms)


Started GET "/" for ::1 at 2019-09-26 19:15:16 -0400
Processing by StaticPagesController#root as HTML
  Rendering static_pages/root.html.erb within layouts/application
  Rendered static_pages/root.html.erb within layouts/application (1.9ms)
Completed 200 OK in 271ms (Views: 261.3ms | ActiveRecord: 0.0ms)


Started GET "/" for 127.0.0.1 at 2019-09-26 19:15:19 -0400
Processing by StaticPagesController#root as HTML
  Rendering static_pages/root.html.erb within layouts/application
  Rendered static_pages/root.html.erb within layouts/application (1.7ms)
Completed 200 OK in 113ms (Views: 108.3ms | ActiveRecord: 0.0ms)


Started GET "/" for ::1 at 2019-09-26 19:16:01 -0400
Processing by StaticPagesController#root as HTML
  Rendering static_pages/root.html.erb within layouts/application
  Rendered static_pages/root.html.erb within layouts/application (0.7ms)
Completed 200 OK in 202ms (Views: 194.1ms | ActiveRecord: 0.0ms)


Started GET "/" for ::1 at 2019-09-26 19:16:06 -0400
Processing by StaticPagesController#root as HTML
  Rendering static_pages/root.html.erb within layouts/application
  Rendered static_pages/root.html.erb within layouts/application (3.8ms)
Completed 200 OK in 139ms (Views: 132.3ms | ActiveRecord: 0.0ms)


Started GET "/" for ::1 at 2019-09-26 19:17:22 -0400
Processing by StaticPagesController#root as HTML
  Rendering static_pages/root.html.erb within layouts/application
  Rendered static_pages/root.html.erb within layouts/application (3.3ms)
Completed 200 OK in 1642ms (Views: 1626.1ms | ActiveRecord: 0.0ms)


Started GET "/" for 127.0.0.1 at 2019-09-26 19:17:25 -0400
Processing by StaticPagesController#root as HTML
  Rendering static_pages/root.html.erb within layouts/application
  Rendered static_pages/root.html.erb within layouts/application (0.6ms)
Completed 200 OK in 327ms (Views: 321.3ms | ActiveRecord: 0.0ms)


Started GET "/api/todos" for ::1 at 2019-09-26 19:17:26 -0400
Processing by Api::TodosController#index as JSON
  [1m[36mTodo Load (2.9ms)[0m  [1m[34mSELECT "todos".* FROM "todos"[0m
  ↳ app/controllers/api/todos_controller.rb:7
Completed 200 OK in 25ms (Views: 20.4ms | ActiveRecord: 2.9ms)


Started GET "/api/todos" for 127.0.0.1 at 2019-09-26 19:17:27 -0400
Processing by Api::TodosController#index as JSON
  [1m[36mTodo Load (1.6ms)[0m  [1m[34mSELECT "todos".* FROM "todos"[0m
  ↳ app/controllers/api/todos_controller.rb:7
Completed 200 OK in 6ms (Views: 3.8ms | ActiveRecord: 1.6ms)


Started POST "/api/todos" for 127.0.0.1 at 2019-09-26 19:17:31 -0400
Processing by Api::TodosController#create as JSON
  Parameters: {"todo"=>{"title"=>"sergerg", "body"=>""}}
  [1m[35m (0.4ms)[0m  [1m[35mBEGIN[0m
  ↳ app/controllers/api/todos_controller.rb:12
  [1m[35m (0.3ms)[0m  [1m[31mROLLBACK[0m
  ↳ app/controllers/api/todos_controller.rb:12
Completed 422 Unprocessable Entity in 14ms (Views: 0.3ms | ActiveRecord: 0.7ms)


Started POST "/api/todos" for ::1 at 2019-09-26 19:17:46 -0400
Processing by Api::TodosController#create as JSON
  Parameters: {"todo"=>{"title"=>"", "body"=>""}}
  [1m[35m (5.1ms)[0m  [1m[35mBEGIN[0m
  ↳ app/controllers/api/todos_controller.rb:12
  [1m[35m (0.3ms)[0m  [1m[31mROLLBACK[0m
  ↳ app/controllers/api/todos_controller.rb:12
Completed 422 Unprocessable Entity in 23ms (Views: 0.3ms | ActiveRecord: 5.4ms)


Started GET "/" for ::1 at 2019-09-26 19:28:04 -0400
Processing by StaticPagesController#root as HTML
  Rendering static_pages/root.html.erb within layouts/application
  Rendered static_pages/root.html.erb within layouts/application (10.1ms)
Completed 200 OK in 1944ms (Views: 1921.3ms | ActiveRecord: 0.0ms)


Started GET "/" for 127.0.0.1 at 2019-09-26 19:28:09 -0400
Processing by StaticPagesController#root as HTML
  Rendering static_pages/root.html.erb within layouts/application
  Rendered static_pages/root.html.erb within layouts/application (2.1ms)
Completed 200 OK in 650ms (Views: 643.4ms | ActiveRecord: 0.0ms)


Started GET "/" for ::1 at 2019-09-26 19:29:17 -0400
Processing by StaticPagesController#root as HTML
  Rendering static_pages/root.html.erb within layouts/application
  Rendered static_pages/root.html.erb within layouts/application (5.7ms)
Completed 200 OK in 695ms (Views: 666.9ms | ActiveRecord: 0.0ms)


Started GET "/" for 127.0.0.1 at 2019-09-26 19:29:20 -0400
Processing by StaticPagesController#root as HTML
  Rendering static_pages/root.html.erb within layouts/application
  Rendered static_pages/root.html.erb within layouts/application (0.8ms)
Completed 200 OK in 3224ms (Views: 3218.2ms | ActiveRecord: 0.0ms)


Started GET "/api/todos" for 127.0.0.1 at 2019-09-26 19:29:24 -0400
Processing by Api::TodosController#index as JSON
  [1m[36mTodo Load (5.8ms)[0m  [1m[34mSELECT "todos".* FROM "todos"[0m
  ↳ app/controllers/api/todos_controller.rb:7
Completed 200 OK in 47ms (Views: 38.9ms | ActiveRecord: 5.8ms)


Started GET "/" for ::1 at 2019-09-26 19:29:25 -0400
Processing by StaticPagesController#root as HTML
  Rendering static_pages/root.html.erb within layouts/application
  Rendered static_pages/root.html.erb within layouts/application (0.7ms)
Completed 200 OK in 265ms (Views: 258.5ms | ActiveRecord: 0.0ms)


Started GET "/api/todos" for ::1 at 2019-09-26 19:29:27 -0400
Processing by Api::TodosController#index as JSON
  [1m[36mTodo Load (1.5ms)[0m  [1m[34mSELECT "todos".* FROM "todos"[0m
  ↳ app/controllers/api/todos_controller.rb:7
Completed 200 OK in 8ms (Views: 6.1ms | ActiveRecord: 1.5ms)


Started POST "/api/todos" for 127.0.0.1 at 2019-09-26 19:29:30 -0400
Processing by Api::TodosController#create as JSON
  Parameters: {"todo"=>{"title"=>"sergerg", "body"=>""}}
  [1m[35m (3.0ms)[0m  [1m[35mBEGIN[0m
  ↳ app/controllers/api/todos_controller.rb:12
  [1m[35m (28.9ms)[0m  [1m[31mROLLBACK[0m
  ↳ app/controllers/api/todos_controller.rb:12
Completed 422 Unprocessable Entity in 81ms (Views: 0.8ms | ActiveRecord: 32.0ms)


Started POST "/api/todos" for ::1 at 2019-09-26 19:29:30 -0400
Processing by Api::TodosController#create as JSON
  Parameters: {"todo"=>{"title"=>"", "body"=>""}}
  [1m[35m (0.3ms)[0m  [1m[35mBEGIN[0m
  ↳ app/controllers/api/todos_controller.rb:12
  [1m[35m (0.3ms)[0m  [1m[31mROLLBACK[0m
  ↳ app/controllers/api/todos_controller.rb:12
Completed 422 Unprocessable Entity in 18ms (Views: 0.6ms | ActiveRecord: 0.6ms)


Started POST "/api/todos" for ::1 at 2019-09-26 19:29:42 -0400
Processing by Api::TodosController#create as JSON
  Parameters: {"todo"=>{"title"=>"add keys", "body"=>"or React gets angry"}}
  [1m[35m (2.1ms)[0m  [1m[35mBEGIN[0m
  ↳ app/controllers/api/todos_controller.rb:12
  [1m[36mTodo Create (2.0ms)[0m  [1m[32mINSERT INTO "todos" ("title", "body", "created_at", "updated_at") VALUES ($1, $2, $3, $4) RETURNING "id"[0m  [["title", "add keys"], ["body", "or React gets angry"], ["created_at", "2019-09-26 23:29:42.906216"], ["updated_at", "2019-09-26 23:29:42.906216"]]
  ↳ app/controllers/api/todos_controller.rb:12
  [1m[35m (1.3ms)[0m  [1m[35mCOMMIT[0m
  ↳ app/controllers/api/todos_controller.rb:12
Completed 200 OK in 18ms (Views: 0.9ms | ActiveRecord: 5.4ms)


Started POST "/api/todos" for 127.0.0.1 at 2019-09-26 19:29:43 -0400
Processing by Api::TodosController#create as JSON
  Parameters: {"todo"=>{"title"=>"", "body"=>"dsfgsg"}}
  [1m[35m (0.3ms)[0m  [1m[35mBEGIN[0m
  ↳ app/controllers/api/todos_controller.rb:12
  [1m[35m (0.3ms)[0m  [1m[31mROLLBACK[0m
  ↳ app/controllers/api/todos_controller.rb:12
Completed 422 Unprocessable Entity in 8ms (Views: 0.2ms | ActiveRecord: 0.6ms)


Started POST "/api/todos" for 127.0.0.1 at 2019-09-26 19:30:01 -0400
Processing by Api::TodosController#create as JSON
  Parameters: {"todo"=>{"title"=>"", "body"=>"dsfgsg"}}
  [1m[35m (0.2ms)[0m  [1m[35mBEGIN[0m
  ↳ app/controllers/api/todos_controller.rb:12
  [1m[35m (0.2ms)[0m  [1m[31mROLLBACK[0m
  ↳ app/controllers/api/todos_controller.rb:12
Completed 422 Unprocessable Entity in 5ms (Views: 0.2ms | ActiveRecord: 0.5ms)


Started GET "/" for ::1 at 2019-09-26 19:31:13 -0400
Processing by StaticPagesController#root as HTML
  Rendering static_pages/root.html.erb within layouts/application
  Rendered static_pages/root.html.erb within layouts/application (12.0ms)
Started GET "/" for 127.0.0.1 at 2019-09-26 19:31:13 -0400
Processing by StaticPagesController#root as HTML
  Rendering static_pages/root.html.erb within layouts/application
  Rendered static_pages/root.html.erb within layouts/application (2.1ms)
Completed 200 OK in 2987ms (Views: 2866.9ms | ActiveRecord: 0.0ms)


Completed 200 OK in 3099ms (Views: 3093.8ms | ActiveRecord: 0.0ms)


Started GET "/api/todos" for ::1 at 2019-09-26 19:31:18 -0400
Processing by Api::TodosController#index as JSON
  [1m[36mTodo Load (1.2ms)[0m  [1m[34mSELECT "todos".* FROM "todos"[0m
  ↳ app/controllers/api/todos_controller.rb:7
Completed 200 OK in 6ms (Views: 4.1ms | ActiveRecord: 1.2ms)


Started GET "/api/todos" for 127.0.0.1 at 2019-09-26 19:31:18 -0400
Processing by Api::TodosController#index as JSON
  [1m[36mTodo Load (11.1ms)[0m  [1m[34mSELECT "todos".* FROM "todos"[0m
  ↳ app/controllers/api/todos_controller.rb:7
Completed 200 OK in 16ms (Views: 4.0ms | ActiveRecord: 11.1ms)


Started POST "/api/todos" for ::1 at 2019-09-26 19:31:20 -0400
Processing by Api::TodosController#create as JSON
  Parameters: {"todo"=>{"title"=>"", "body"=>""}}
  [1m[35m (1.6ms)[0m  [1m[35mBEGIN[0m
  ↳ app/controllers/api/todos_controller.rb:12
  [1m[35m (0.3ms)[0m  [1m[31mROLLBACK[0m
  ↳ app/controllers/api/todos_controller.rb:12
Completed 422 Unprocessable Entity in 11ms (Views: 0.3ms | ActiveRecord: 2.0ms)


Started GET "/" for 127.0.0.1 at 2019-09-26 19:31:20 -0400
Processing by StaticPagesController#root as HTML
  Rendering static_pages/root.html.erb within layouts/application
  Rendered static_pages/root.html.erb within layouts/application (1.8ms)
Completed 200 OK in 136ms (Views: 126.4ms | ActiveRecord: 0.0ms)


Started GET "/api/todos" for 127.0.0.1 at 2019-09-26 19:31:21 -0400
Processing by Api::TodosController#index as JSON
  [1m[36mTodo Load (1.7ms)[0m  [1m[34mSELECT "todos".* FROM "todos"[0m
  ↳ app/controllers/api/todos_controller.rb:7
Completed 200 OK in 6ms (Views: 4.2ms | ActiveRecord: 1.7ms)


Started POST "/api/todos" for 127.0.0.1 at 2019-09-26 19:31:23 -0400
Processing by Api::TodosController#create as JSON
  Parameters: {"todo"=>{"title"=>"sergerg", "body"=>""}}
  [1m[35m (0.5ms)[0m  [1m[35mBEGIN[0m
  ↳ app/controllers/api/todos_controller.rb:12
  [1m[35m (0.3ms)[0m  [1m[31mROLLBACK[0m
  ↳ app/controllers/api/todos_controller.rb:12
Completed 422 Unprocessable Entity in 9ms (Views: 1.1ms | ActiveRecord: 0.9ms)


Started POST "/api/todos" for 127.0.0.1 at 2019-09-26 19:31:29 -0400
Processing by Api::TodosController#create as JSON
  Parameters: {"todo"=>{"title"=>"", "body"=>"asdgasdg"}}
  [1m[35m (0.4ms)[0m  [1m[35mBEGIN[0m
  ↳ app/controllers/api/todos_controller.rb:12
  [1m[35m (0.3ms)[0m  [1m[31mROLLBACK[0m
  ↳ app/controllers/api/todos_controller.rb:12
Completed 422 Unprocessable Entity in 7ms (Views: 0.2ms | ActiveRecord: 0.7ms)


Started POST "/api/todos" for ::1 at 2019-09-26 19:31:29 -0400
Processing by Api::TodosController#create as JSON
  Parameters: {"todo"=>{"title"=>"add keys", "body"=>"to make React happy"}}
  [1m[35m (0.4ms)[0m  [1m[35mBEGIN[0m
  ↳ app/controllers/api/todos_controller.rb:12
  [1m[36mTodo Create (7.6ms)[0m  [1m[32mINSERT INTO "todos" ("title", "body", "created_at", "updated_at") VALUES ($1, $2, $3, $4) RETURNING "id"[0m  [["title", "add keys"], ["body", "to make React happy"], ["created_at", "2019-09-26 23:31:29.706022"], ["updated_at", "2019-09-26 23:31:29.706022"]]
  ↳ app/controllers/api/todos_controller.rb:12
  [1m[35m (0.6ms)[0m  [1m[35mCOMMIT[0m
  ↳ app/controllers/api/todos_controller.rb:12
Completed 200 OK in 14ms (Views: 0.6ms | ActiveRecord: 8.5ms)


Started GET "/" for 127.0.0.1 at 2019-09-26 19:32:09 -0400
Processing by StaticPagesController#root as HTML
  Rendering static_pages/root.html.erb within layouts/application
  Rendered static_pages/root.html.erb within layouts/application (3.8ms)
Completed 200 OK in 148ms (Views: 141.0ms | ActiveRecord: 0.0ms)


Started GET "/api/todos" for 127.0.0.1 at 2019-09-26 19:32:09 -0400
Processing by Api::TodosController#index as JSON
  [1m[36mTodo Load (0.9ms)[0m  [1m[34mSELECT "todos".* FROM "todos"[0m
  ↳ app/controllers/api/todos_controller.rb:7
Completed 200 OK in 5ms (Views: 3.3ms | ActiveRecord: 0.9ms)


Started POST "/api/todos" for ::1 at 2019-09-26 19:33:13 -0400
Processing by Api::TodosController#create as JSON
  Parameters: {"todo"=>{"title"=>"", "body"=>""}}
  [1m[35m (0.3ms)[0m  [1m[35mBEGIN[0m
  ↳ app/controllers/api/todos_controller.rb:12
  [1m[35m (0.3ms)[0m  [1m[31mROLLBACK[0m
  ↳ app/controllers/api/todos_controller.rb:12
Completed 422 Unprocessable Entity in 10ms (Views: 0.4ms | ActiveRecord: 0.6ms)


Started POST "/api/todos" for ::1 at 2019-09-26 19:33:25 -0400
Processing by Api::TodosController#create as JSON
  Parameters: {"todo"=>{"title"=>"add body", "body"=>""}}
  [1m[35m (0.2ms)[0m  [1m[35mBEGIN[0m
  ↳ app/controllers/api/todos_controller.rb:12
  [1m[35m (1.4ms)[0m  [1m[31mROLLBACK[0m
  ↳ app/controllers/api/todos_controller.rb:12
Completed 422 Unprocessable Entity in 10ms (Views: 0.5ms | ActiveRecord: 1.7ms)


Started POST "/api/todos" for ::1 at 2019-09-26 19:33:32 -0400
Processing by Api::TodosController#create as JSON
  Parameters: {"todo"=>{"title"=>"", "body"=>"add title"}}
  [1m[35m (1.2ms)[0m  [1m[35mBEGIN[0m
  ↳ app/controllers/api/todos_controller.rb:12
  [1m[35m (0.3ms)[0m  [1m[31mROLLBACK[0m
  ↳ app/controllers/api/todos_controller.rb:12
Completed 422 Unprocessable Entity in 16ms (Views: 0.3ms | ActiveRecord: 1.5ms)


