  [1m[35m (479.3ms)[0m  [1m[35mCREATE DATABASE "cats_development" ENCODING = 'unicode'[0m
  ↳ bin/rails:9
  [1m[35m (399.7ms)[0m  [1m[35mCREATE DATABASE "cats_test" ENCODING = 'unicode'[0m
  ↳ bin/rails:9
  [1m[35m (16.2ms)[0m  [1m[35mCREATE TABLE "schema_migrations" ("version" character varying NOT NULL PRIMARY KEY)[0m
  ↳ bin/rails:9
  [1m[35m (44.0ms)[0m  [1m[35mCREATE TABLE "ar_internal_metadata" ("key" character varying NOT NULL PRIMARY KEY, "value" character varying, "created_at" timestamp NOT NULL, "updated_at" timestamp NOT NULL)[0m
  ↳ bin/rails:9
  [1m[35m (1.0ms)[0m  [1m[34mSELECT pg_try_advisory_lock(782232805093510260)[0m
  ↳ bin/rails:9
  [1m[35m (0.9ms)[0m  [1m[34mSELECT "schema_migrations"."version" FROM "schema_migrations" ORDER BY "schema_migrations"."version" ASC[0m
  ↳ bin/rails:9
Migrating to CreateCats (20190828201750)
  [1m[35m (0.2ms)[0m  [1m[35mBEGIN[0m
  ↳ bin/rails:9
  [1m[35m (45.9ms)[0m  [1m[35mCREATE TABLE "cats" ("id" bigserial primary key)[0m
  ↳ db/migrate/20190828201750_create_cats.rb:3
  [1m[36mActiveRecord::SchemaMigration Create (41.8ms)[0m  [1m[32mINSERT INTO "schema_migrations" ("version") VALUES ($1) RETURNING "version"[0m  [["version", "20190828201750"]]
  ↳ bin/rails:9
  [1m[35m (2.2ms)[0m  [1m[35mCOMMIT[0m
  ↳ bin/rails:9
  [1m[36mActiveRecord::InternalMetadata Load (0.4ms)[0m  [1m[34mSELECT  "ar_internal_metadata".* FROM "ar_internal_metadata" WHERE "ar_internal_metadata"."key" = $1 LIMIT $2[0m  [["key", "environment"], ["LIMIT", 1]]
  ↳ bin/rails:9
  [1m[35m (0.1ms)[0m  [1m[35mBEGIN[0m
  ↳ bin/rails:9
  [1m[36mActiveRecord::InternalMetadata Create (0.7ms)[0m  [1m[32mINSERT INTO "ar_internal_metadata" ("key", "value", "created_at", "updated_at") VALUES ($1, $2, $3, $4) RETURNING "key"[0m  [["key", "environment"], ["value", "development"], ["created_at", "2019-08-28 20:27:56.078404"], ["updated_at", "2019-08-28 20:27:56.078404"]]
  ↳ bin/rails:9
  [1m[35m (40.1ms)[0m  [1m[35mCOMMIT[0m
  ↳ bin/rails:9
  [1m[35m (0.5ms)[0m  [1m[34mSELECT pg_advisory_unlock(782232805093510260)[0m
  ↳ bin/rails:9
  [1m[35m (2.6ms)[0m  [1m[34mSELECT "schema_migrations"."version" FROM "schema_migrations" ORDER BY "schema_migrations"."version" ASC[0m
  ↳ bin/rails:9
  [1m[35m (0.8ms)[0m  [1m[34mSELECT "schema_migrations"."version" FROM "schema_migrations" ORDER BY "schema_migrations"."version" ASC[0m
  ↳ bin/rails:9
  [1m[35m (0.2ms)[0m  [1m[34mSELECT "schema_migrations"."version" FROM "schema_migrations" ORDER BY "schema_migrations"."version" ASC[0m
  ↳ bin/rails:9
  [1m[35m (0.2ms)[0m  [1m[34mSELECT "schema_migrations"."version" FROM "schema_migrations" ORDER BY "schema_migrations"."version" ASC[0m
  ↳ bin/rails:9
  [1m[35m (0.2ms)[0m  [1m[34mSELECT pg_try_advisory_lock(782232805093510260)[0m
  ↳ bin/rails:9
  [1m[35m (0.2ms)[0m  [1m[34mSELECT "schema_migrations"."version" FROM "schema_migrations" ORDER BY "schema_migrations"."version" ASC[0m
  ↳ bin/rails:9
Migrating to CreateCats (20190828201750)
  [1m[35m (0.1ms)[0m  [1m[35mBEGIN[0m
  ↳ bin/rails:9
  [1m[35m (42.9ms)[0m  [1m[35mDROP TABLE "cats"[0m
  ↳ bin/rails:9
  [1m[36mActiveRecord::SchemaMigration Destroy (0.8ms)[0m  [1m[31mDELETE FROM "schema_migrations" WHERE "schema_migrations"."version" = $1[0m  [["version", "20190828201750"]]
  ↳ bin/rails:9
  [1m[35m (40.8ms)[0m  [1m[35mCOMMIT[0m
  ↳ bin/rails:9
  [1m[35m (0.3ms)[0m  [1m[34mSELECT pg_advisory_unlock(782232805093510260)[0m
  ↳ bin/rails:9
  [1m[35m (0.3ms)[0m  [1m[34mSELECT "schema_migrations"."version" FROM "schema_migrations" ORDER BY "schema_migrations"."version" ASC[0m
  ↳ bin/rails:9
  [1m[35m (0.2ms)[0m  [1m[34mSELECT pg_try_advisory_lock(782232805093510260)[0m
  ↳ bin/rails:9
  [1m[35m (0.9ms)[0m  [1m[34mSELECT "schema_migrations"."version" FROM "schema_migrations" ORDER BY "schema_migrations"."version" ASC[0m
  ↳ bin/rails:9
Migrating to CreateCats (20190828201750)
  [1m[35m (0.1ms)[0m  [1m[35mBEGIN[0m
  ↳ bin/rails:9
  [1m[35m (39.0ms)[0m  [1m[35mCREATE TABLE "cats" ("id" bigserial primary key, "birth_date" date NOT NULL, "color" character varying, "name" character varying NOT NULL, "sex" character varying(1) NOT NULL, "description" text NOT NULL, "created_at" timestamp NOT NULL, "updated_at" timestamp NOT NULL)[0m
  ↳ db/migrate/20190828201750_create_cats.rb:3
  [1m[36mActiveRecord::SchemaMigration Create (0.7ms)[0m  [1m[32mINSERT INTO "schema_migrations" ("version") VALUES ($1) RETURNING "version"[0m  [["version", "20190828201750"]]
  ↳ bin/rails:9
  [1m[35m (39.9ms)[0m  [1m[35mCOMMIT[0m
  ↳ bin/rails:9
  [1m[36mActiveRecord::InternalMetadata Load (0.5ms)[0m  [1m[34mSELECT  "ar_internal_metadata".* FROM "ar_internal_metadata" WHERE "ar_internal_metadata"."key" = $1 LIMIT $2[0m  [["key", "environment"], ["LIMIT", 1]]
  ↳ bin/rails:9
  [1m[35m (0.2ms)[0m  [1m[35mBEGIN[0m
  ↳ bin/rails:9
  [1m[35m (0.1ms)[0m  [1m[35mCOMMIT[0m
  ↳ bin/rails:9
  [1m[35m (0.2ms)[0m  [1m[34mSELECT pg_advisory_unlock(782232805093510260)[0m
  ↳ bin/rails:9
  [1m[35m (0.3ms)[0m  [1m[34mSELECT "schema_migrations"."version" FROM "schema_migrations" ORDER BY "schema_migrations"."version" ASC[0m
  ↳ bin/rails:9
Started GET "/" for ::1 at 2019-08-28 16:23:00 -0500
  [1m[35m (0.9ms)[0m  [1m[34mSELECT "schema_migrations"."version" FROM "schema_migrations" ORDER BY "schema_migrations"."version" ASC[0m
  ↳ /Users/jasimatiyeh/.rbenv/versions/2.5.1/lib/ruby/gems/2.5.0/gems/activerecord-5.2.3/lib/active_record/log_subscriber.rb:98
Processing by Rails::WelcomeController#index as HTML
  Rendering /Users/jasimatiyeh/.rbenv/versions/2.5.1/lib/ruby/gems/2.5.0/gems/railties-5.2.3/lib/rails/templates/rails/welcome/index.html.erb
  Rendered /Users/jasimatiyeh/.rbenv/versions/2.5.1/lib/ruby/gems/2.5.0/gems/railties-5.2.3/lib/rails/templates/rails/welcome/index.html.erb (4.8ms)
Completed 200 OK in 24ms (Views: 11.2ms | ActiveRecord: 0.0ms)


Started GET "/cats" for ::1 at 2019-08-28 16:23:27 -0500
Processing by CatsController#index as HTML
  Rendering cats/index.html.erb within layouts/application
  [1m[36mCat Load (1.1ms)[0m  [1m[34mSELECT "cats".* FROM "cats"[0m
  ↳ app/views/cats/index.html.erb:3
  Rendered collection of templates [0 times] (0.0ms)
  Rendered cats/index.html.erb within layouts/application (8.5ms)
Completed 200 OK in 585ms (Views: 575.9ms | ActiveRecord: 5.7ms)


  [1m[35m (0.9ms)[0m  [1m[34mSELECT "schema_migrations"."version" FROM "schema_migrations" ORDER BY "schema_migrations"."version" ASC[0m
  ↳ bin/rails:9
  [1m[36mCat Load (0.7ms)[0m  [1m[34mSELECT "cats".* FROM "cats"[0m
  [1m[35m (0.7ms)[0m  [1m[34mSELECT "schema_migrations"."version" FROM "schema_migrations" ORDER BY "schema_migrations"."version" ASC[0m
  ↳ bin/rails:9
  [1m[35m (0.8ms)[0m  [1m[34mSELECT "schema_migrations"."version" FROM "schema_migrations" ORDER BY "schema_migrations"."version" ASC[0m
  ↳ bin/rails:9
  [1m[36mCat Load (0.5ms)[0m  [1m[34mSELECT "cats".* FROM "cats"[0m
  ↳ db/seeds.rb:9
  [1m[35m (0.2ms)[0m  [1m[35mBEGIN[0m
  ↳ db/seeds.rb:11
  [1m[36mCat Create (8.0ms)[0m  [1m[32mINSERT INTO "cats" ("birth_date", "color", "name", "sex", "description", "created_at", "updated_at") VALUES ($1, $2, $3, $4, $5, $6, $7) RETURNING "id"[0m  [["birth_date", "2016-05-21"], ["color", "black"], ["name", "kitty"], ["sex", "M"], ["description", "I love my owner!"], ["created_at", "2019-08-28 21:32:16.809353"], ["updated_at", "2019-08-28 21:32:16.809353"]]
  ↳ db/seeds.rb:11
  [1m[35m (0.5ms)[0m  [1m[35mCOMMIT[0m
  ↳ db/seeds.rb:11
  [1m[35m (0.2ms)[0m  [1m[35mBEGIN[0m
  ↳ db/seeds.rb:12
  [1m[36mCat Create (0.4ms)[0m  [1m[32mINSERT INTO "cats" ("birth_date", "color", "name", "sex", "description", "created_at", "updated_at") VALUES ($1, $2, $3, $4, $5, $6, $7) RETURNING "id"[0m  [["birth_date", "2014-02-21"], ["color", "tabby"], ["name", "Botero"], ["sex", "F"], ["description", "I love food!"], ["created_at", "2019-08-28 21:32:16.820032"], ["updated_at", "2019-08-28 21:32:16.820032"]]
  ↳ db/seeds.rb:12
  [1m[35m (0.3ms)[0m  [1m[35mCOMMIT[0m
  ↳ db/seeds.rb:12
  [1m[35m (0.1ms)[0m  [1m[35mBEGIN[0m
  ↳ db/seeds.rb:13
  [1m[36mCat Create (0.4ms)[0m  [1m[32mINSERT INTO "cats" ("birth_date", "color", "name", "sex", "description", "created_at", "updated_at") VALUES ($1, $2, $3, $4, $5, $6, $7) RETURNING "id"[0m  [["birth_date", "2018-07-21"], ["color", "orange"], ["name", "Lino"], ["sex", "F"], ["description", "I don't care!"], ["created_at", "2019-08-28 21:32:16.822187"], ["updated_at", "2019-08-28 21:32:16.822187"]]
  ↳ db/seeds.rb:13
  [1m[35m (0.7ms)[0m  [1m[35mCOMMIT[0m
  ↳ db/seeds.rb:13
  [1m[35m (0.2ms)[0m  [1m[35mBEGIN[0m
  ↳ db/seeds.rb:14
  [1m[36mCat Create (0.5ms)[0m  [1m[32mINSERT INTO "cats" ("birth_date", "color", "name", "sex", "description", "created_at", "updated_at") VALUES ($1, $2, $3, $4, $5, $6, $7) RETURNING "id"[0m  [["birth_date", "2011-09-21"], ["color", "white"], ["name", "Gobo"], ["sex", "M"], ["description", "I love mindfulness!"], ["created_at", "2019-08-28 21:32:16.826016"], ["updated_at", "2019-08-28 21:32:16.826016"]]
  ↳ db/seeds.rb:14
  [1m[35m (0.4ms)[0m  [1m[35mCOMMIT[0m
  ↳ db/seeds.rb:14
  [1m[35m (0.1ms)[0m  [1m[35mBEGIN[0m
  ↳ db/seeds.rb:15
  [1m[36mCat Create (0.3ms)[0m  [1m[32mINSERT INTO "cats" ("birth_date", "color", "name", "sex", "description", "created_at", "updated_at") VALUES ($1, $2, $3, $4, $5, $6, $7) RETURNING "id"[0m  [["birth_date", "2015-08-21"], ["color", "tuxedo"], ["name", "Nala"], ["sex", "F"], ["description", "I love to sleep!"], ["created_at", "2019-08-28 21:32:16.828843"], ["updated_at", "2019-08-28 21:32:16.828843"]]
  ↳ db/seeds.rb:15
  [1m[35m (0.4ms)[0m  [1m[35mCOMMIT[0m
  ↳ db/seeds.rb:15
  [1m[36mCat Load (0.7ms)[0m  [1m[34mSELECT "cats".* FROM "cats"[0m
Started GET "/cats" for ::1 at 2019-08-28 16:32:55 -0500
  [1m[35m (1.1ms)[0m  [1m[34mSELECT "schema_migrations"."version" FROM "schema_migrations" ORDER BY "schema_migrations"."version" ASC[0m
  ↳ /Users/jasimatiyeh/.rbenv/versions/2.5.1/lib/ruby/gems/2.5.0/gems/activerecord-5.2.3/lib/active_record/log_subscriber.rb:98
Processing by CatsController#index as HTML
  Rendering cats/index.html.erb within layouts/application
  [1m[36mCat Load (1.0ms)[0m  [1m[34mSELECT "cats".* FROM "cats"[0m
  ↳ app/views/cats/index.html.erb:3
  Rendered cats/index.html.erb within layouts/application (39.4ms)
Completed 500 Internal Server Error in 60ms (ActiveRecord: 17.9ms)


  
ActionView::Template::Error (Missing partial cats/_cat with {:locale=>[:en], :formats=>[:html], :variants=>[], :handlers=>[:raw, :erb, :html, :builder, :ruby, :coffee, :jbuilder]}. Searched in:
  * "/Users/jasimatiyeh/Desktop/aA_work/class_work/W9D3/cats/app/views"
):
    1: <h1>All the cats!!</h1>
    2: 
    3: <%= render @cats %>
  
app/views/cats/index.html.erb:3:in `_app_views_cats_index_html_erb__844771842398194234_70216833555140'
app/controllers/cats_controller.rb:5:in `index'
Started GET "/cats" for ::1 at 2019-08-28 16:35:56 -0500
Processing by CatsController#index as HTML
  Rendering cats/index.html.erb within layouts/application
  [1m[36mCat Load (0.7ms)[0m  [1m[34mSELECT "cats".* FROM "cats"[0m
  ↳ app/views/cats/index.html.erb:3
  Rendered cats/index.html.erb within layouts/application (2.7ms)
Completed 200 OK in 205ms (Views: 203.4ms | ActiveRecord: 0.7ms)


Started GET "/cats" for ::1 at 2019-08-28 16:40:31 -0500
Processing by CatsController#index as HTML
  Rendering cats/index.html.erb within layouts/application
  [1m[36mCat Load (0.5ms)[0m  [1m[34mSELECT "cats".* FROM "cats"[0m
  ↳ app/views/cats/index.html.erb:9
  Rendered cats/index.html.erb within layouts/application (16.2ms)
Completed 200 OK in 51ms (Views: 49.6ms | ActiveRecord: 0.5ms)


Started GET "/cats" for ::1 at 2019-08-28 16:41:19 -0500
Processing by CatsController#index as HTML
  Rendering cats/index.html.erb within layouts/application
  [1m[36mCat Load (0.5ms)[0m  [1m[34mSELECT "cats".* FROM "cats"[0m
  ↳ app/views/cats/index.html.erb:9
  Rendered cats/index.html.erb within layouts/application (3.5ms)
Completed 200 OK in 35ms (Views: 33.6ms | ActiveRecord: 0.5ms)


Started GET "/cats" for ::1 at 2019-08-28 16:41:53 -0500
Processing by CatsController#index as HTML
  Rendering cats/index.html.erb within layouts/application
  [1m[36mCat Load (0.6ms)[0m  [1m[34mSELECT "cats".* FROM "cats"[0m
  ↳ app/views/cats/index.html.erb:9
  Rendered cats/index.html.erb within layouts/application (3.8ms)
Completed 200 OK in 57ms (Views: 55.9ms | ActiveRecord: 0.6ms)


Started GET "/cats" for ::1 at 2019-08-28 16:42:06 -0500
Processing by CatsController#index as HTML
  Rendering cats/index.html.erb within layouts/application
  [1m[36mCat Load (0.9ms)[0m  [1m[34mSELECT "cats".* FROM "cats"[0m
  ↳ app/views/cats/index.html.erb:9
  Rendered cats/index.html.erb within layouts/application (5.6ms)
Completed 200 OK in 40ms (Views: 38.3ms | ActiveRecord: 0.9ms)


Started GET "/cats" for ::1 at 2019-08-28 16:42:08 -0500
Processing by CatsController#index as HTML
  Rendering cats/index.html.erb within layouts/application
  [1m[36mCat Load (0.5ms)[0m  [1m[34mSELECT "cats".* FROM "cats"[0m
  ↳ app/views/cats/index.html.erb:9
  Rendered cats/index.html.erb within layouts/application (4.1ms)
Completed 200 OK in 44ms (Views: 42.2ms | ActiveRecord: 0.5ms)


Started GET "/cats" for ::1 at 2019-08-28 16:44:23 -0500
Processing by CatsController#index as HTML
  Rendering cats/index.html.erb within layouts/application
  [1m[36mCat Load (3.8ms)[0m  [1m[34mSELECT "cats".* FROM "cats"[0m
  ↳ app/views/cats/index.html.erb:9
  Rendered cats/index.html.erb within layouts/application (7.6ms)
Completed 200 OK in 44ms (Views: 39.0ms | ActiveRecord: 3.8ms)


Started GET "/cats" for ::1 at 2019-08-28 17:05:00 -0500
Processing by CatsController#index as HTML
  Rendering cats/index.html.erb within layouts/application
  [1m[36mCat Load (1.4ms)[0m  [1m[34mSELECT "cats".* FROM "cats"[0m
  ↳ app/views/cats/index.html.erb:9
  Rendered cats/index.html.erb within layouts/application (4.7ms)
Completed 200 OK in 42ms (Views: 40.1ms | ActiveRecord: 1.4ms)


Started GET "/cats.1" for ::1 at 2019-08-28 17:05:30 -0500
Processing by CatsController#index as 
  Rendering cats/index.html.erb within layouts/application
  [1m[36mCat Load (7.0ms)[0m  [1m[34mSELECT "cats".* FROM "cats"[0m
  ↳ app/views/cats/index.html.erb:9
  Rendered cats/index.html.erb within layouts/application (18.3ms)
Completed 200 OK in 104ms (Views: 96.0ms | ActiveRecord: 7.0ms)


Started GET "/cats" for ::1 at 2019-08-28 17:06:45 -0500
Processing by CatsController#index as HTML
  Rendering cats/index.html.erb within layouts/application
  [1m[36mCat Load (1.1ms)[0m  [1m[34mSELECT "cats".* FROM "cats"[0m
  ↳ app/views/cats/index.html.erb:9
  Rendered cats/index.html.erb within layouts/application (5.0ms)
Completed 200 OK in 50ms (Views: 47.7ms | ActiveRecord: 1.1ms)


Started GET "/cats" for ::1 at 2019-08-28 17:07:21 -0500
Processing by CatsController#index as HTML
  Rendering cats/index.html.erb within layouts/application
  [1m[36mCat Load (0.7ms)[0m  [1m[34mSELECT "cats".* FROM "cats"[0m
  ↳ app/views/cats/index.html.erb:9
  Rendered cats/index.html.erb within layouts/application (4.5ms)
Completed 200 OK in 45ms (Views: 44.0ms | ActiveRecord: 0.7ms)


Started GET "/cats" for ::1 at 2019-08-28 17:07:57 -0500
Processing by CatsController#index as HTML
  Rendering cats/index.html.erb within layouts/application
  [1m[36mCat Load (0.6ms)[0m  [1m[34mSELECT "cats".* FROM "cats"[0m
  ↳ app/views/cats/index.html.erb:9
  Rendered cats/index.html.erb within layouts/application (3.6ms)
Completed 200 OK in 52ms (Views: 50.9ms | ActiveRecord: 0.6ms)


Started GET "/cats" for ::1 at 2019-08-28 17:08:16 -0500
Processing by CatsController#index as HTML
  Rendering cats/index.html.erb within layouts/application
  [1m[36mCat Load (1.0ms)[0m  [1m[34mSELECT "cats".* FROM "cats"[0m
  ↳ app/views/cats/index.html.erb:9
  Rendered cats/index.html.erb within layouts/application (4.0ms)
Completed 200 OK in 37ms (Views: 34.9ms | ActiveRecord: 1.0ms)


Started GET "/cats" for ::1 at 2019-08-28 17:08:49 -0500
Processing by CatsController#index as HTML
  Rendering cats/index.html.erb within layouts/application
  [1m[36mCat Load (3.6ms)[0m  [1m[34mSELECT "cats".* FROM "cats"[0m
  ↳ app/views/cats/index.html.erb:9
  Rendered cats/index.html.erb within layouts/application (7.2ms)
Completed 200 OK in 35ms (Views: 30.3ms | ActiveRecord: 3.6ms)


Started GET "/cats.1" for ::1 at 2019-08-28 17:08:53 -0500
Processing by CatsController#index as 
  Rendering cats/index.html.erb within layouts/application
  [1m[36mCat Load (0.5ms)[0m  [1m[34mSELECT "cats".* FROM "cats"[0m
  ↳ app/views/cats/index.html.erb:9
  Rendered cats/index.html.erb within layouts/application (3.1ms)
Completed 200 OK in 72ms (Views: 70.3ms | ActiveRecord: 0.5ms)


Started GET "/cats.1" for ::1 at 2019-08-28 17:13:55 -0500
Processing by CatsController#index as 
  Rendering cats/index.html.erb within layouts/application
  [1m[36mCat Load (0.6ms)[0m  [1m[34mSELECT "cats".* FROM "cats"[0m
  ↳ app/views/cats/index.html.erb:9
  Rendered cats/index.html.erb within layouts/application (26.6ms)
Completed 200 OK in 89ms (Views: 69.8ms | ActiveRecord: 15.3ms)


Started GET "/cats.2" for ::1 at 2019-08-28 17:13:58 -0500
Processing by CatsController#index as 
  Rendering cats/index.html.erb within layouts/application
  [1m[36mCat Load (0.4ms)[0m  [1m[34mSELECT "cats".* FROM "cats"[0m
  ↳ app/views/cats/index.html.erb:9
  Rendered cats/index.html.erb within layouts/application (3.3ms)
Completed 200 OK in 74ms (Views: 72.5ms | ActiveRecord: 0.4ms)


Started GET "/cats" for ::1 at 2019-08-28 17:14:09 -0500
Processing by CatsController#index as HTML
  Rendering cats/index.html.erb within layouts/application
  [1m[36mCat Load (0.7ms)[0m  [1m[34mSELECT "cats".* FROM "cats"[0m
  ↳ app/views/cats/index.html.erb:9
  Rendered cats/index.html.erb within layouts/application (4.1ms)
Completed 200 OK in 47ms (Views: 45.1ms | ActiveRecord: 0.7ms)


Started GET "/cats.1" for ::1 at 2019-08-28 17:14:11 -0500
Processing by CatsController#index as 
  Rendering cats/index.html.erb within layouts/application
  [1m[36mCat Load (3.3ms)[0m  [1m[34mSELECT "cats".* FROM "cats"[0m
  ↳ app/views/cats/index.html.erb:9
  Rendered cats/index.html.erb within layouts/application (6.1ms)
Completed 200 OK in 67ms (Views: 62.7ms | ActiveRecord: 3.3ms)


Started GET "/cat/1" for ::1 at 2019-08-28 17:15:17 -0500
  
ActionController::RoutingError (No route matches [GET] "/cat/1"):
  
actionpack (5.2.3) lib/action_dispatch/middleware/debug_exceptions.rb:65:in `call'
web-console (3.7.0) lib/web_console/middleware.rb:135:in `call_app'
web-console (3.7.0) lib/web_console/middleware.rb:30:in `block in call'
web-console (3.7.0) lib/web_console/middleware.rb:20:in `catch'
web-console (3.7.0) lib/web_console/middleware.rb:20:in `call'
actionpack (5.2.3) lib/action_dispatch/middleware/show_exceptions.rb:33:in `call'
railties (5.2.3) lib/rails/rack/logger.rb:38:in `call_app'
railties (5.2.3) lib/rails/rack/logger.rb:26:in `block in call'
activesupport (5.2.3) lib/active_support/tagged_logging.rb:71:in `block in tagged'
activesupport (5.2.3) lib/active_support/tagged_logging.rb:28:in `tagged'
activesupport (5.2.3) lib/active_support/tagged_logging.rb:71:in `tagged'
railties (5.2.3) lib/rails/rack/logger.rb:26:in `call'
sprockets-rails (3.2.1) lib/sprockets/rails/quiet_assets.rb:13:in `call'
actionpack (5.2.3) lib/action_dispatch/middleware/remote_ip.rb:81:in `call'
actionpack (5.2.3) lib/action_dispatch/middleware/request_id.rb:27:in `call'
rack (2.0.7) lib/rack/method_override.rb:22:in `call'
rack (2.0.7) lib/rack/runtime.rb:22:in `call'
activesupport (5.2.3) lib/active_support/cache/strategy/local_cache_middleware.rb:29:in `call'
actionpack (5.2.3) lib/action_dispatch/middleware/executor.rb:14:in `call'
actionpack (5.2.3) lib/action_dispatch/middleware/static.rb:127:in `call'
rack (2.0.7) lib/rack/sendfile.rb:111:in `call'
railties (5.2.3) lib/rails/engine.rb:524:in `call'
puma (3.12.1) lib/puma/configuration.rb:227:in `call'
puma (3.12.1) lib/puma/server.rb:660:in `handle_request'
puma (3.12.1) lib/puma/server.rb:474:in `process_client'
puma (3.12.1) lib/puma/server.rb:334:in `block in run'
puma (3.12.1) lib/puma/thread_pool.rb:135:in `block in spawn_thread'
Started GET "/cats/1" for ::1 at 2019-08-28 17:15:30 -0500
Processing by CatsController#show as HTML
  Parameters: {"id"=>"1"}
  [1m[36mCat Load (43.6ms)[0m  [1m[34mSELECT  "cats".* FROM "cats" WHERE (1) LIMIT $1[0m  [["LIMIT", 1]]
  ↳ app/controllers/cats_controller.rb:9
Completed 500 Internal Server Error in 47ms (ActiveRecord: 43.6ms)


  
ActiveRecord::StatementInvalid (PG::DatatypeMismatch: ERROR:  argument of WHERE must be type boolean, not type integer
LINE 1: SELECT  "cats".* FROM "cats" WHERE (1) LIMIT $1
                                            ^
: SELECT  "cats".* FROM "cats" WHERE (1) LIMIT $1):
  
app/controllers/cats_controller.rb:9:in `show'
Started GET "/cats/1" for ::1 at 2019-08-28 17:16:43 -0500
Processing by CatsController#show as HTML
  Parameters: {"id"=>"1"}
  [1m[36mCat Load (1.2ms)[0m  [1m[34mSELECT  "cats".* FROM "cats" WHERE (1) LIMIT $1[0m  [["LIMIT", 1]]
  ↳ app/controllers/cats_controller.rb:9
Completed 500 Internal Server Error in 10ms (ActiveRecord: 3.9ms)


  
ActiveRecord::StatementInvalid (PG::DatatypeMismatch: ERROR:  argument of WHERE must be type boolean, not type integer
LINE 1: SELECT  "cats".* FROM "cats" WHERE (1) LIMIT $1
                                            ^
: SELECT  "cats".* FROM "cats" WHERE (1) LIMIT $1):
  
app/controllers/cats_controller.rb:9:in `show'
Started GET "/cats" for ::1 at 2019-08-28 17:17:02 -0500
Processing by CatsController#index as HTML
  Rendering cats/index.html.erb within layouts/application
  [1m[36mCat Load (4.3ms)[0m  [1m[34mSELECT "cats".* FROM "cats"[0m
  ↳ app/views/cats/index.html.erb:9
  Rendered cats/index.html.erb within layouts/application (23.2ms)
Completed 200 OK in 61ms (Views: 49.4ms | ActiveRecord: 10.4ms)


Started GET "/cats.2" for ::1 at 2019-08-28 17:17:07 -0500
Processing by CatsController#index as 
  Rendering cats/index.html.erb within layouts/application
  [1m[36mCat Load (1.2ms)[0m  [1m[34mSELECT "cats".* FROM "cats"[0m
  ↳ app/views/cats/index.html.erb:9
  Rendered cats/index.html.erb within layouts/application (5.9ms)
Completed 200 OK in 79ms (Views: 77.1ms | ActiveRecord: 1.2ms)


Started GET "/cats.2" for ::1 at 2019-08-28 17:18:41 -0500
Processing by CatsController#index as 
  Rendering cats/index.html.erb within layouts/application
  [1m[36mCat Load (0.7ms)[0m  [1m[34mSELECT "cats".* FROM "cats"[0m
  ↳ app/views/cats/index.html.erb:9
  Rendered cats/index.html.erb within layouts/application (21.9ms)
Completed 200 OK in 83ms (Views: 68.6ms | ActiveRecord: 10.6ms)


Started GET "/cats.2" for ::1 at 2019-08-28 17:18:44 -0500
Processing by CatsController#index as 
  Rendering cats/index.html.erb within layouts/application
  [1m[36mCat Load (1.0ms)[0m  [1m[34mSELECT "cats".* FROM "cats"[0m
  ↳ app/views/cats/index.html.erb:9
  Rendered cats/index.html.erb within layouts/application (4.9ms)
Completed 200 OK in 71ms (Views: 69.3ms | ActiveRecord: 1.0ms)


Started GET "/cats/2" for ::1 at 2019-08-28 17:18:58 -0500
Processing by CatsController#show as HTML
  Parameters: {"id"=>"2"}
  [1m[36mCat Load (4.2ms)[0m  [1m[34mSELECT  "cats".* FROM "cats" WHERE (2) LIMIT $1[0m  [["LIMIT", 1]]
  ↳ app/controllers/cats_controller.rb:9
Completed 500 Internal Server Error in 7ms (ActiveRecord: 4.2ms)


  
ActiveRecord::StatementInvalid (PG::DatatypeMismatch: ERROR:  argument of WHERE must be type boolean, not type integer
LINE 1: SELECT  "cats".* FROM "cats" WHERE (2) LIMIT $1
                                            ^
: SELECT  "cats".* FROM "cats" WHERE (2) LIMIT $1):
  
app/controllers/cats_controller.rb:9:in `show'
Started GET "/cats" for ::1 at 2019-08-28 17:19:47 -0500
Processing by CatsController#index as HTML
  Rendering cats/index.html.erb within layouts/application
  [1m[36mCat Load (4.4ms)[0m  [1m[34mSELECT "cats".* FROM "cats"[0m
  ↳ app/views/cats/index.html.erb:9
  Rendered cats/index.html.erb within layouts/application (8.2ms)
Completed 200 OK in 62ms (Views: 56.5ms | ActiveRecord: 4.4ms)


Started GET "/cats/2" for ::1 at 2019-08-28 17:19:49 -0500
Processing by CatsController#show as HTML
  Parameters: {"id"=>"2"}
  [1m[36mCat Load (3.4ms)[0m  [1m[34mSELECT  "cats".* FROM "cats" WHERE (2) LIMIT $1[0m  [["LIMIT", 1]]
  ↳ app/controllers/cats_controller.rb:9
Completed 500 Internal Server Error in 6ms (ActiveRecord: 3.4ms)


  
ActiveRecord::StatementInvalid (PG::DatatypeMismatch: ERROR:  argument of WHERE must be type boolean, not type integer
LINE 1: SELECT  "cats".* FROM "cats" WHERE (2) LIMIT $1
                                            ^
: SELECT  "cats".* FROM "cats" WHERE (2) LIMIT $1):
  
app/controllers/cats_controller.rb:9:in `show'
Started GET "/cats" for ::1 at 2019-08-28 17:22:09 -0500
Processing by CatsController#index as HTML
  Rendering cats/index.html.erb within layouts/application
  [1m[36mCat Load (0.7ms)[0m  [1m[34mSELECT "cats".* FROM "cats"[0m
  ↳ app/views/cats/index.html.erb:9
  Rendered cats/index.html.erb within layouts/application (28.7ms)
Completed 200 OK in 75ms (Views: 59.0ms | ActiveRecord: 12.2ms)


Started GET "/cats/2" for ::1 at 2019-08-28 17:22:12 -0500
Processing by CatsController#show as HTML
  Parameters: {"id"=>"2"}
  [1m[36mCat Load (0.9ms)[0m  [1m[34mSELECT  "cats".* FROM "cats" WHERE "cats"."id" = $1 LIMIT $2[0m  [["id", 2], ["LIMIT", 1]]
  ↳ app/controllers/cats_controller.rb:9
  Rendering cats/show.html.erb within layouts/application
  Rendered cats/show.html.erb within layouts/application (0.9ms)
Completed 500 Internal Server Error in 21800ms (ActiveRecord: 2.2ms)


  
SyntaxError (/Users/jasimatiyeh/Desktop/aA_work/class_work/W9D3/cats/app/views/cats/show.html.erb:19: syntax error, unexpected keyword_ensure, expecting end-of-input
          ensure
          ^~~~~~):
  
app/views/cats/show.html.erb:19: syntax error, unexpected keyword_ensure, expecting end-of-input
app/controllers/cats_controller.rb:12:in `show'
Started GET "/cats" for ::1 at 2019-08-28 17:23:20 -0500
Processing by CatsController#index as HTML
  Rendering cats/index.html.erb within layouts/application
  [1m[36mCat Load (0.6ms)[0m  [1m[34mSELECT "cats".* FROM "cats"[0m
  ↳ app/views/cats/index.html.erb:9
  Rendered cats/index.html.erb within layouts/application (28.2ms)
Completed 200 OK in 66ms (Views: 49.8ms | ActiveRecord: 11.7ms)


Started GET "/cats/2" for ::1 at 2019-08-28 17:23:23 -0500
Processing by CatsController#show as HTML
  Parameters: {"id"=>"2"}
  [1m[36mCat Load (5.9ms)[0m  [1m[34mSELECT  "cats".* FROM "cats" WHERE "cats"."id" = $1 LIMIT $2[0m  [["id", 2], ["LIMIT", 1]]
  ↳ app/controllers/cats_controller.rb:9
  Rendering cats/show.html.erb within layouts/application
  Rendered cats/show.html.erb within layouts/application (1.7ms)
Completed 200 OK in 57ms (Views: 47.6ms | ActiveRecord: 5.9ms)


Started GET "/cats" for ::1 at 2019-08-28 17:30:36 -0500
Processing by CatsController#index as HTML
  Rendering cats/index.html.erb within layouts/application
  [1m[36mCat Load (1.4ms)[0m  [1m[34mSELECT "cats".* FROM "cats"[0m
  ↳ app/views/cats/index.html.erb:9
  Rendered cats/index.html.erb within layouts/application (4.1ms)
Completed 200 OK in 43ms (Views: 40.9ms | ActiveRecord: 1.4ms)


Started GET "/cats/2" for ::1 at 2019-08-28 17:30:43 -0500
Processing by CatsController#show as HTML
  Parameters: {"id"=>"2"}
  [1m[36mCat Load (1.2ms)[0m  [1m[34mSELECT  "cats".* FROM "cats" WHERE "cats"."id" = $1 LIMIT $2[0m  [["id", 2], ["LIMIT", 1]]
  ↳ app/controllers/cats_controller.rb:9
  Rendering cats/show.html.erb within layouts/application
  Rendered cats/show.html.erb within layouts/application (1.4ms)
Completed 200 OK in 51ms (Views: 45.5ms | ActiveRecord: 3.0ms)


Started GET "/cats/2" for ::1 at 2019-08-28 18:05:46 -0500
Processing by CatsController#show as HTML
  Parameters: {"id"=>"2"}
  [1m[36mCat Load (0.7ms)[0m  [1m[34mSELECT  "cats".* FROM "cats" WHERE "cats"."id" = $1 LIMIT $2[0m  [["id", 2], ["LIMIT", 1]]
  ↳ app/controllers/cats_controller.rb:9
  Rendering cats/show.html.erb within layouts/application
  Rendered cats/show.html.erb within layouts/application (1.2ms)
Completed 200 OK in 65ms (Views: 34.3ms | ActiveRecord: 13.8ms)


Started GET "/cats/2" for ::1 at 2019-08-28 18:07:16 -0500
Processing by CatsController#show as HTML
  Parameters: {"id"=>"2"}
  [1m[36mCat Load (0.7ms)[0m  [1m[34mSELECT  "cats".* FROM "cats" WHERE "cats"."id" = $1 LIMIT $2[0m  [["id", 2], ["LIMIT", 1]]
  ↳ app/controllers/cats_controller.rb:9
  Rendering cats/show.html.erb within layouts/application
  Rendered cats/show.html.erb within layouts/application (1.4ms)
Completed 200 OK in 32ms (Views: 28.4ms | ActiveRecord: 0.7ms)


Started GET "/cats/2" for ::1 at 2019-08-28 18:07:34 -0500
Processing by CatsController#show as HTML
  Parameters: {"id"=>"2"}
  [1m[36mCat Load (0.8ms)[0m  [1m[34mSELECT  "cats".* FROM "cats" WHERE "cats"."id" = $1 LIMIT $2[0m  [["id", 2], ["LIMIT", 1]]
  ↳ app/controllers/cats_controller.rb:9
  Rendering cats/show.html.erb within layouts/application
  Rendered cats/show.html.erb within layouts/application (1.5ms)
Completed 200 OK in 36ms (Views: 32.3ms | ActiveRecord: 0.8ms)


Started GET "/cats/2" for ::1 at 2019-08-28 18:08:01 -0500
Processing by CatsController#show as HTML
  Parameters: {"id"=>"2"}
  [1m[36mCat Load (6.3ms)[0m  [1m[34mSELECT  "cats".* FROM "cats" WHERE "cats"."id" = $1 LIMIT $2[0m  [["id", 2], ["LIMIT", 1]]
  ↳ app/controllers/cats_controller.rb:9
  Rendering cats/show.html.erb within layouts/application
  Rendered cats/show.html.erb within layouts/application (1.2ms)
Completed 200 OK in 41ms (Views: 32.5ms | ActiveRecord: 6.3ms)


Started GET "/cats/2" for ::1 at 2019-08-28 18:08:57 -0500
Processing by CatsController#show as HTML
  Parameters: {"id"=>"2"}
  [1m[36mCat Load (4.9ms)[0m  [1m[34mSELECT  "cats".* FROM "cats" WHERE "cats"."id" = $1 LIMIT $2[0m  [["id", 2], ["LIMIT", 1]]
  ↳ app/controllers/cats_controller.rb:9
  Rendering cats/show.html.erb within layouts/application
  Rendered cats/show.html.erb within layouts/application (1.5ms)
Completed 200 OK in 45ms (Views: 38.2ms | ActiveRecord: 4.9ms)


Started GET "/cats/2" for ::1 at 2019-08-28 18:09:34 -0500
Processing by CatsController#show as HTML
  Parameters: {"id"=>"2"}
  [1m[36mCat Load (0.7ms)[0m  [1m[34mSELECT  "cats".* FROM "cats" WHERE "cats"."id" = $1 LIMIT $2[0m  [["id", 2], ["LIMIT", 1]]
  ↳ app/controllers/cats_controller.rb:9
  Rendering cats/show.html.erb within layouts/application
  Rendered cats/show.html.erb within layouts/application (1.5ms)
Completed 200 OK in 33ms (Views: 30.4ms | ActiveRecord: 0.7ms)


Started GET "/cats/new" for ::1 at 2019-08-28 18:29:51 -0500
Processing by CatsController#new as HTML
  Rendering cats/new.html.erb within layouts/application
  Rendered cats/new.html.erb within layouts/application (318.4ms)
Completed 500 Internal Server Error in 328ms (ActiveRecord: 0.0ms)


  
ActionView::Template::Error (undefined local variable or method `cat' for #<#<Class:0x00007fb946192b28>:0x00007fb946191228>
Did you mean?  catch):
    1: <form action="<%= cats_url %>" method="POST">
    2: 
    3: <label for="name">Cats Name</label>
    4: <input type="text" id="name" name="cat[name]" value="<%= cat.name %>">
    5: 
    6: <label for="sex">Cats sex</label>
    7: <input type="radio" id="sex" name="cat[sex]" value="M"> Male <br>
  
app/views/cats/new.html.erb:4:in `_app_views_cats_new_html_erb__557535228428218927_70216903679900'
app/controllers/cats_controller.rb:22:in `new'
Started GET "/cats/new" for ::1 at 2019-08-28 18:30:35 -0500
Processing by CatsController#new as HTML
  Rendering cats/new.html.erb within layouts/application
  Rendered cats/new.html.erb within layouts/application (6.6ms)
Completed 500 Internal Server Error in 16ms (ActiveRecord: 0.0ms)


  
ActionView::Template::Error (undefined method `name' for nil:NilClass):
    1: <form action="<%= cats_url %>" method="POST">
    2: 
    3: <label for="name">Cats Name</label>
    4: <input type="text" id="name" name="@cat[name]" value="<%= @cat.name %>">
    5: 
    6: <label for="sex">Cats sex</label>
    7: <input type="radio" id="sex" name="@cat[sex]" value="M"> Male <br>
  
app/views/cats/new.html.erb:4:in `_app_views_cats_new_html_erb__557535228428218927_70216855538160'
app/controllers/cats_controller.rb:22:in `new'
Started GET "/cats/new" for ::1 at 2019-08-28 18:31:33 -0500
Processing by CatsController#new as HTML
  Rendering cats/new.html.erb within layouts/application
  Rendered cats/new.html.erb within layouts/application (47.8ms)
Completed 500 Internal Server Error in 57ms (ActiveRecord: 11.2ms)


  
ActionView::Template::Error (undefined method `COLORS' for #<Class:0x00007fb9459ccdf8>):
    11: <label for="color">Cats color</label>
    12: <select name="@cat[color]" id="color">
    13:     <option value="disabled" selected>Please select color</option>
    14:     <%Cat.COLORS.each do |color|%>
    15:     <option value="<%=color%>"><%=color%></option>
    16:     <%end%>
    17: </select>
  
app/views/cats/new.html.erb:14:in `_app_views_cats_new_html_erb__557535228428218927_70216900389440'
app/controllers/cats_controller.rb:22:in `new'
Started GET "/cats/new" for ::1 at 2019-08-28 18:33:24 -0500
Processing by CatsController#new as HTML
  Rendering cats/new.html.erb within layouts/application
  Rendered cats/new.html.erb within layouts/application (1.4ms)
Completed 200 OK in 39ms (Views: 38.4ms | ActiveRecord: 0.0ms)


Started GET "/cats/new" for ::1 at 2019-08-28 18:35:16 -0500
Processing by CatsController#new as HTML
  Rendering cats/new.html.erb within layouts/application
  Rendered cats/new.html.erb within layouts/application (1.2ms)
Completed 200 OK in 38ms (Views: 36.8ms | ActiveRecord: 0.0ms)


Started GET "/cats/new" for ::1 at 2019-08-28 18:41:30 -0500
Processing by CatsController#new as HTML
  Rendering cats/new.html.erb within layouts/application
  Rendered cats/new.html.erb within layouts/application (1.3ms)
Completed 200 OK in 38ms (Views: 37.2ms | ActiveRecord: 0.0ms)


Started GET "/cats/new" for ::1 at 2019-08-28 18:43:20 -0500
Processing by CatsController#new as HTML
  Rendering cats/new.html.erb within layouts/application
  Rendered cats/new.html.erb within layouts/application (1.4ms)
Completed 200 OK in 41ms (Views: 40.2ms | ActiveRecord: 0.0ms)


Started GET "/cats/new" for ::1 at 2019-08-28 18:43:22 -0500
Processing by CatsController#new as HTML
  Rendering cats/new.html.erb within layouts/application
  Rendered cats/new.html.erb within layouts/application (1.2ms)
Completed 200 OK in 46ms (Views: 45.5ms | ActiveRecord: 0.0ms)


Started GET "/cats/new" for ::1 at 2019-08-28 18:45:30 -0500
Processing by CatsController#new as HTML
  Rendering cats/new.html.erb within layouts/application
  Rendered cats/new.html.erb within layouts/application (1.1ms)
Completed 200 OK in 45ms (Views: 44.1ms | ActiveRecord: 0.0ms)


Started GET "/cats/new" for ::1 at 2019-08-28 18:48:14 -0500
Processing by CatsController#new as HTML
  Rendering cats/new.html.erb within layouts/application
  Rendered cats/new.html.erb within layouts/application (1.4ms)
Completed 200 OK in 47ms (Views: 46.2ms | ActiveRecord: 0.0ms)


Started POST "/cats" for ::1 at 2019-08-28 18:48:16 -0500
Processing by CatsController#create as HTML
  Parameters: {"@cat"=>{"name"=>"", "color"=>"disabled", "birth_date"=>"2019-08-28", "description"=>" "}}
No template found for CatsController#create, rendering head :no_content
Completed 204 No Content in 134ms (ActiveRecord: 0.0ms)


Started POST "/cats" for ::1 at 2019-08-28 18:48:17 -0500
Processing by CatsController#create as HTML
  Parameters: {"@cat"=>{"name"=>"", "color"=>"disabled", "birth_date"=>"2019-08-28", "description"=>" "}}
No template found for CatsController#create, rendering head :no_content
Completed 204 No Content in 125ms (ActiveRecord: 0.0ms)


Started GET "/cats/new" for ::1 at 2019-08-28 18:55:48 -0500
Processing by CatsController#new as HTML
  Rendering cats/new.html.erb within layouts/application
  Rendered cats/new.html.erb within layouts/application (3.6ms)
Completed 200 OK in 39ms (Views: 38.0ms | ActiveRecord: 0.0ms)


Started POST "/cats" for ::1 at 2019-08-28 18:56:58 -0500
Processing by CatsController#create as HTML
  Parameters: {"@cat"=>{"name"=>"garfield", "sex"=>"M", "color"=>"orange", "birth_date"=>"1999-08-28", "description"=>" He is a grumpy cat. Loves lasagna."}}
Completed 400 Bad Request in 2ms (ActiveRecord: 0.0ms)


  
ActionController::ParameterMissing (param is missing or the value is empty: cat):
  
app/controllers/cats_controller.rb:39:in `cat_params'
app/controllers/cats_controller.rb:27:in `create'
Started POST "/cats" for ::1 at 2019-08-28 18:59:09 -0500
Processing by CatsController#create as HTML
  Parameters: {"@cat"=>{"name"=>"garfield", "sex"=>"M", "color"=>"orange", "birth_date"=>"1999-08-28", "description"=>" He is a grumpy cat. Loves lasagna."}}
Completed 400 Bad Request in 2ms (ActiveRecord: 0.0ms)


  
ActionController::ParameterMissing (param is missing or the value is empty: cat):
  
app/controllers/cats_controller.rb:39:in `cat_params'
app/controllers/cats_controller.rb:27:in `create'
Started GET "/cats/new" for ::1 at 2019-08-28 18:59:14 -0500
Processing by CatsController#new as HTML
  Rendering cats/new.html.erb within layouts/application
  Rendered cats/new.html.erb within layouts/application (1.3ms)
Completed 200 OK in 36ms (Views: 35.0ms | ActiveRecord: 0.0ms)


Started POST "/cats" for ::1 at 2019-08-28 18:59:42 -0500
Processing by CatsController#create as HTML
  Parameters: {"cat"=>{"name"=>"kitty cat"}, "@cat"=>{"sex"=>"F", "color"=>"tuxedo", "birth_date"=>"2019-08-28", "description"=>" cat"}}
  [1m[35m (0.2ms)[0m  [1m[35mBEGIN[0m
  ↳ app/controllers/cats_controller.rb:29
  [1m[35m (0.3ms)[0m  [1m[31mROLLBACK[0m
  ↳ app/controllers/cats_controller.rb:29
  Rendering cats/new.html.erb within layouts/application
  Rendered cats/new.html.erb within layouts/application (0.8ms)
Completed 200 OK in 76ms (Views: 34.6ms | ActiveRecord: 23.3ms)


